{
  "stats": {
    "suites": 12,
    "tests": 41,
    "passes": 29,
    "pending": 0,
    "failures": 12,
    "start": "2022-08-24T18:00:47.960Z",
    "end": "2022-08-24T18:02:06.877Z",
    "duration": 78917,
    "testsRegistered": 41,
    "passPercent": 70.73170731707317,
    "pendingPercent": 0,
    "other": 0,
    "hasOther": false,
    "skipped": 0,
    "hasSkipped": false
  },
  "results": [
    {
      "uuid": "bf8f5538-bf1a-4aca-96e7-b0caf2faad7a",
      "title": "",
      "fullFile": "cypress/integration/project.spec.js",
      "file": "cypress/integration/project.spec.js",
      "beforeHooks": [],
      "afterHooks": [],
      "tests": [],
      "suites": [
        {
          "uuid": "dc81529f-6401-4f77-b0e1-e0523790b013",
          "title": "1 - Adicione à página o título \"Paleta de Cores\".",
          "fullFile": "",
          "file": "",
          "beforeHooks": [],
          "afterHooks": [],
          "tests": [
            {
              "title": "Verifica se contém um elemento `h1` com o id `title` com o título correto",
              "fullTitle": "1 - Adicione à página o título \"Paleta de Cores\". Verifica se contém um elemento `h1` com o id `title` com o título correto",
              "timedOut": null,
              "duration": 178,
              "state": "passed",
              "speed": "slow",
              "pass": true,
              "fail": false,
              "pending": false,
              "context": null,
              "code": "cy.get('h1#title').should('contain.text', 'Paleta de Cores');",
              "err": {},
              "uuid": "ff06b68b-1ef8-40a8-a001-369b1e361aab",
              "parentUUID": "dc81529f-6401-4f77-b0e1-e0523790b013",
              "isHook": false,
              "skipped": false
            }
          ],
          "suites": [],
          "passes": [
            "ff06b68b-1ef8-40a8-a001-369b1e361aab"
          ],
          "failures": [],
          "pending": [],
          "skipped": [],
          "duration": 178,
          "root": false,
          "rootEmpty": false,
          "_timeout": 2000
        },
        {
          "uuid": "ef81bdbf-58bd-4ffc-b285-d5c109a29ae3",
          "title": "2 - Adicione à página uma paleta de quatro cores distintas.",
          "fullFile": "",
          "file": "",
          "beforeHooks": [],
          "afterHooks": [],
          "tests": [
            {
              "title": "A paleta de cores deve ser um elemento com `id` denominado `color-palette`",
              "fullTitle": "2 - Adicione à página uma paleta de quatro cores distintas. A paleta de cores deve ser um elemento com `id` denominado `color-palette`",
              "timedOut": null,
              "duration": 64,
              "state": "passed",
              "speed": "medium",
              "pass": true,
              "fail": false,
              "pending": false,
              "context": null,
              "code": "cy.get('#color-palette').should('be.visible');",
              "err": {},
              "uuid": "4c802c5f-779a-48fa-a244-e205cacbd642",
              "parentUUID": "ef81bdbf-58bd-4ffc-b285-d5c109a29ae3",
              "isHook": false,
              "skipped": false
            },
            {
              "title": "Verifica se cada cor individual da paleta de cores possui a `classe` chamada `color`.",
              "fullTitle": "2 - Adicione à página uma paleta de quatro cores distintas. Verifica se cada cor individual da paleta de cores possui a `classe` chamada `color`.",
              "timedOut": null,
              "duration": 108,
              "state": "passed",
              "speed": "slow",
              "pass": true,
              "fail": false,
              "pending": false,
              "context": null,
              "code": "cy.get('.color').should('have.length', 4).then(function (colors) {\n  for (var i = 0; i < colors.length; i++) {\n    cy.wrap(colors[i]).should('be.visible');\n  }\n});",
              "err": {},
              "uuid": "8d5ddb25-1b7a-4708-abbb-905d959bbf5d",
              "parentUUID": "ef81bdbf-58bd-4ffc-b285-d5c109a29ae3",
              "isHook": false,
              "skipped": false
            },
            {
              "title": "Verifica se a cor de fundo de cada elemento da paleta é a cor que o elemento representa. **A única cor não permitida na paleta é a cor branca.**",
              "fullTitle": "2 - Adicione à página uma paleta de quatro cores distintas. Verifica se a cor de fundo de cada elemento da paleta é a cor que o elemento representa. **A única cor não permitida na paleta é a cor branca.**",
              "timedOut": null,
              "duration": 97,
              "state": "passed",
              "speed": "slow",
              "pass": true,
              "fail": false,
              "pending": false,
              "context": null,
              "code": "cy.get('.color').each(function (color) {\n  cy.wrap(color).should('have.class', 'color').and('not.have.css', 'background-color', WHITE);\n  cy.wrap(color).should('have.css', 'background-color');\n});",
              "err": {},
              "uuid": "953713bb-6328-4fa4-b924-79c56ccb35c3",
              "parentUUID": "ef81bdbf-58bd-4ffc-b285-d5c109a29ae3",
              "isHook": false,
              "skipped": false
            },
            {
              "title": "Verifica se cada elemento da paleta de cores tem uma borda preta, sólida e com 1 pixel de largura;",
              "fullTitle": "2 - Adicione à página uma paleta de quatro cores distintas. Verifica se cada elemento da paleta de cores tem uma borda preta, sólida e com 1 pixel de largura;",
              "timedOut": null,
              "duration": 83,
              "state": "passed",
              "speed": "slow",
              "pass": true,
              "fail": false,
              "pending": false,
              "context": null,
              "code": "cy.get('.color').each(function (color) {\n  cy.wrap(color).and('have.css', 'border', \"1px solid \".concat(BLACK)).and('have.class', 'color');\n});",
              "err": {},
              "uuid": "a2c978db-ff9a-4fd6-a3f8-0861a672a95c",
              "parentUUID": "ef81bdbf-58bd-4ffc-b285-d5c109a29ae3",
              "isHook": false,
              "skipped": false
            },
            {
              "title": "Verifica se a paleta lista todas as cores disponíveis para utilização, lado a lado.",
              "fullTitle": "2 - Adicione à página uma paleta de quatro cores distintas. Verifica se a paleta lista todas as cores disponíveis para utilização, lado a lado.",
              "timedOut": null,
              "duration": 85,
              "state": "passed",
              "speed": "slow",
              "pass": true,
              "fail": false,
              "pending": false,
              "context": null,
              "code": "cy.get('.color').then(function (colors) {\n  for (var index = 1; index < colors.length; index += 1) {\n    var currentColor = colors[index];\n    var previousColor = colors[index - 1];\n    cy.wrap(currentColor).should('be.onTheRightOf', previousColor).and('be.horizontallyAlignedWith', previousColor);\n  }\n});",
              "err": {},
              "uuid": "3b1c98a0-7d41-449b-8137-b645154f37e1",
              "parentUUID": "ef81bdbf-58bd-4ffc-b285-d5c109a29ae3",
              "isHook": false,
              "skipped": false
            },
            {
              "title": "Verifica se a paleta de cores está posicionada abaixo do título 'Paleta de Cores'",
              "fullTitle": "2 - Adicione à página uma paleta de quatro cores distintas. Verifica se a paleta de cores está posicionada abaixo do título 'Paleta de Cores'",
              "timedOut": null,
              "duration": 80,
              "state": "passed",
              "speed": "slow",
              "pass": true,
              "fail": false,
              "pending": false,
              "context": null,
              "code": "cy.get('h1#title').then(function (title) {\n  cy.get('#color-palette').should('be.belowOf', title);\n});",
              "err": {},
              "uuid": "c3f9f314-94a5-4de3-a384-ad6fa88c5e73",
              "parentUUID": "ef81bdbf-58bd-4ffc-b285-d5c109a29ae3",
              "isHook": false,
              "skipped": false
            },
            {
              "title": "Verifica se a paleta de cores não contém cores repetidas.",
              "fullTitle": "2 - Adicione à página uma paleta de quatro cores distintas. Verifica se a paleta de cores não contém cores repetidas.",
              "timedOut": null,
              "duration": 89,
              "state": "passed",
              "speed": "slow",
              "pass": true,
              "fail": false,
              "pending": false,
              "context": null,
              "code": "cy.get('.color').then(function (colors) {\n  var allColors = Array.from(colors).map(function (color) {\n    return Cypress.$(color).css('background-color');\n  });\n  cy.log(allColors);\n  var uniqColors = (0, _toConsumableArray2[\"default\"])(new Set(allColors));\n  cy.log(uniqColors);\n  expect(allColors.length).to.eq(uniqColors.length);\n});",
              "err": {},
              "uuid": "30585818-830a-40d5-a679-dfce050701e7",
              "parentUUID": "ef81bdbf-58bd-4ffc-b285-d5c109a29ae3",
              "isHook": false,
              "skipped": false
            }
          ],
          "suites": [],
          "passes": [
            "4c802c5f-779a-48fa-a244-e205cacbd642",
            "8d5ddb25-1b7a-4708-abbb-905d959bbf5d",
            "953713bb-6328-4fa4-b924-79c56ccb35c3",
            "a2c978db-ff9a-4fd6-a3f8-0861a672a95c",
            "3b1c98a0-7d41-449b-8137-b645154f37e1",
            "c3f9f314-94a5-4de3-a384-ad6fa88c5e73",
            "30585818-830a-40d5-a679-dfce050701e7"
          ],
          "failures": [],
          "pending": [],
          "skipped": [],
          "duration": 606,
          "root": false,
          "rootEmpty": false,
          "_timeout": 2000
        },
        {
          "uuid": "1cb8bb5c-5fbd-4515-99ab-79237bd540ed",
          "title": "3 - Adicione a cor **preta** como a primeira cor da paleta de cores.",
          "fullFile": "",
          "file": "",
          "beforeHooks": [],
          "afterHooks": [],
          "tests": [
            {
              "title": "Verifica se a primeira cor da paleta é preta",
              "fullTitle": "3 - Adicione a cor **preta** como a primeira cor da paleta de cores. Verifica se a primeira cor da paleta é preta",
              "timedOut": null,
              "duration": 100,
              "state": "passed",
              "speed": "slow",
              "pass": true,
              "fail": false,
              "pending": false,
              "context": null,
              "code": "cy.get('.color').first().should('have.css', 'background-color', BLACK);",
              "err": {},
              "uuid": "077c09d3-b48a-48c8-b389-462ce08fd1d9",
              "parentUUID": "1cb8bb5c-5fbd-4515-99ab-79237bd540ed",
              "isHook": false,
              "skipped": false
            },
            {
              "title": "Verifica se as demais cores podem ser escolhidas livremente.",
              "fullTitle": "3 - Adicione a cor **preta** como a primeira cor da paleta de cores. Verifica se as demais cores podem ser escolhidas livremente.",
              "timedOut": null,
              "duration": 122,
              "state": "passed",
              "speed": "slow",
              "pass": true,
              "fail": false,
              "pending": false,
              "context": null,
              "code": "cy.get('.color').eq(1).should('not.have.css', 'background-color', BLACK);\ncy.get('.color').eq(1).should('not.have.css', 'background-color', WHITE);\ncy.get('.color').eq(1).should('not.have.css', 'background-color', 'rgba(0, 0, 0, 0)');\ncy.get('.color').eq(1).should('have.css', 'background-color');\ncy.get('.color').eq(2).should('not.have.css', 'background-color', BLACK);\ncy.get('.color').eq(2).should('not.have.css', 'background-color', WHITE);\ncy.get('.color').eq(2).should('not.have.css', 'background-color', 'rgba(0, 0, 0, 0)');\ncy.get('.color').eq(2).should('have.css', 'background-color');\ncy.get('.color').eq(3).should('not.have.css', 'background-color', BLACK);\ncy.get('.color').eq(3).should('not.have.css', 'background-color', WHITE);\ncy.get('.color').eq(3).should('not.have.css', 'background-color', 'rgba(0, 0, 0, 0)');\ncy.get('.color').eq(3).should('have.css', 'background-color');",
              "err": {},
              "uuid": "b28056dd-5f70-4627-ba73-94bd20772fef",
              "parentUUID": "1cb8bb5c-5fbd-4515-99ab-79237bd540ed",
              "isHook": false,
              "skipped": false
            }
          ],
          "suites": [],
          "passes": [
            "077c09d3-b48a-48c8-b389-462ce08fd1d9",
            "b28056dd-5f70-4627-ba73-94bd20772fef"
          ],
          "failures": [],
          "pending": [],
          "skipped": [],
          "duration": 222,
          "root": false,
          "rootEmpty": false,
          "_timeout": 2000
        },
        {
          "uuid": "87e3196d-8462-4efb-a2ea-74f6bf3c4731",
          "title": "4 - Adicione à página um quadro de pixels, com 25 pixels.",
          "fullFile": "",
          "file": "",
          "beforeHooks": [],
          "afterHooks": [],
          "tests": [
            {
              "title": "Verifica se o quadro de pixels possui o `id` denominado `pixel-board`",
              "fullTitle": "4 - Adicione à página um quadro de pixels, com 25 pixels. Verifica se o quadro de pixels possui o `id` denominado `pixel-board`",
              "timedOut": null,
              "duration": 81,
              "state": "passed",
              "speed": "slow",
              "pass": true,
              "fail": false,
              "pending": false,
              "context": null,
              "code": "cy.get('#pixel-board').should('be.visible');",
              "err": {},
              "uuid": "9d5adfae-e210-4313-95c4-d7988eba8483",
              "parentUUID": "87e3196d-8462-4efb-a2ea-74f6bf3c4731",
              "isHook": false,
              "skipped": false
            },
            {
              "title": "Verifica se cada pixel individual dentro do quadro possui a `classe` denominada `pixel`.",
              "fullTitle": "4 - Adicione à página um quadro de pixels, com 25 pixels. Verifica se cada pixel individual dentro do quadro possui a `classe` denominada `pixel`.",
              "timedOut": null,
              "duration": 81,
              "state": "passed",
              "speed": "slow",
              "pass": true,
              "fail": false,
              "pending": false,
              "context": null,
              "code": "cy.get('.pixel').should('have.length', 25);",
              "err": {},
              "uuid": "8f3b0ab1-c0e8-4533-8209-2b91bb58de5f",
              "parentUUID": "87e3196d-8462-4efb-a2ea-74f6bf3c4731",
              "isHook": false,
              "skipped": false
            },
            {
              "title": "Verifica se a cor inicial dos pixels dentro do quadro, ao abrir a página, é branca.",
              "fullTitle": "4 - Adicione à página um quadro de pixels, com 25 pixels. Verifica se a cor inicial dos pixels dentro do quadro, ao abrir a página, é branca.",
              "timedOut": null,
              "duration": 114,
              "state": "passed",
              "speed": "slow",
              "pass": true,
              "fail": false,
              "pending": false,
              "context": null,
              "code": "cy.get('.pixel').should('have.length', 25).each(function (pixel) {\n  expect(pixel).to.have.css('background-color', WHITE);\n});",
              "err": {},
              "uuid": "5abe5aff-5e09-4a27-8caf-df014b62e839",
              "parentUUID": "87e3196d-8462-4efb-a2ea-74f6bf3c4731",
              "isHook": false,
              "skipped": false
            },
            {
              "title": "Verifica se o quadro de pixels aparece abaixo da paleta de cores",
              "fullTitle": "4 - Adicione à página um quadro de pixels, com 25 pixels. Verifica se o quadro de pixels aparece abaixo da paleta de cores",
              "timedOut": null,
              "duration": 66,
              "state": "passed",
              "speed": "medium",
              "pass": true,
              "fail": false,
              "pending": false,
              "context": null,
              "code": "cy.get('#color-palette').then(function (palette) {\n  cy.get('#pixel-board').should('be.belowOf', palette);\n});",
              "err": {},
              "uuid": "b9df78c2-033d-4339-9f42-65fe6dcabec3",
              "parentUUID": "87e3196d-8462-4efb-a2ea-74f6bf3c4731",
              "isHook": false,
              "skipped": false
            }
          ],
          "suites": [],
          "passes": [
            "9d5adfae-e210-4313-95c4-d7988eba8483",
            "8f3b0ab1-c0e8-4533-8209-2b91bb58de5f",
            "5abe5aff-5e09-4a27-8caf-df014b62e839",
            "b9df78c2-033d-4339-9f42-65fe6dcabec3"
          ],
          "failures": [],
          "pending": [],
          "skipped": [],
          "duration": 342,
          "root": false,
          "rootEmpty": false,
          "_timeout": 2000
        },
        {
          "uuid": "6ec5feca-fc91-439e-9c73-75af4f1b8099",
          "title": "5 - Faça com que cada elemento do quadro de pixels possua 40 pixels de largura, 40 pixels de altura e seja delimitado por uma borda preta de 1 pixel.",
          "fullFile": "",
          "file": "",
          "beforeHooks": [],
          "afterHooks": [],
          "tests": [
            {
              "title": "Verifica se o quadro de pixels tem altura e comprimento de 5 elementos",
              "fullTitle": "5 - Faça com que cada elemento do quadro de pixels possua 40 pixels de largura, 40 pixels de altura e seja delimitado por uma borda preta de 1 pixel. Verifica se o quadro de pixels tem altura e comprimento de 5 elementos",
              "timedOut": null,
              "duration": 190,
              "state": "passed",
              "speed": "slow",
              "pass": true,
              "fail": false,
              "pending": false,
              "context": null,
              "code": "cy.get('.pixel').should('have.length', 25).each(function (pixel) {\n  expect(pixel).to.have.css('background-color', WHITE);\n}).and(function (pixels) {\n  var rows = chunk(pixels, 5);\n  rows.forEach(function (row) {\n    for (var index = 1; index < row.length; index += 1) {\n      var current = pixels[index];\n      var previous = pixels[index - 1];\n      cy.wrap(current).should('be.onTheRightOf', previous).and('be.horizontallyAlignedWith', previous);\n    }\n  });\n  for (var index = 1; index < 5; index += 1) {\n    expect(pixels[index * 5]).to.be.belowOf(pixels[(index - 1) * 5]);\n  }\n});",
              "err": {},
              "uuid": "049c4721-49a3-4fdc-a756-6fe49559751f",
              "parentUUID": "6ec5feca-fc91-439e-9c73-75af4f1b8099",
              "isHook": false,
              "skipped": false
            },
            {
              "title": "Verifica se 40 pixels é o tamanho total do elemento, incluindo seu conteúdo e excluindo a borda preta, que deve ser criada à parte.",
              "fullTitle": "5 - Faça com que cada elemento do quadro de pixels possua 40 pixels de largura, 40 pixels de altura e seja delimitado por uma borda preta de 1 pixel. Verifica se 40 pixels é o tamanho total do elemento, incluindo seu conteúdo e excluindo a borda preta, que deve ser criada à parte.",
              "timedOut": null,
              "duration": 184,
              "state": "passed",
              "speed": "slow",
              "pass": true,
              "fail": false,
              "pending": false,
              "context": null,
              "code": "cy.get('.pixel').each(function (pixel) {\n  cy.wrap(pixel).should('have.css', 'height', '40px').and('have.css', 'width', '40px').and('have.css', 'border', \"1px solid \".concat(BLACK));\n});",
              "err": {},
              "uuid": "2d54c761-5abc-4e73-b7b4-ed33fc3cf074",
              "parentUUID": "6ec5feca-fc91-439e-9c73-75af4f1b8099",
              "isHook": false,
              "skipped": false
            }
          ],
          "suites": [],
          "passes": [
            "049c4721-49a3-4fdc-a756-6fe49559751f",
            "2d54c761-5abc-4e73-b7b4-ed33fc3cf074"
          ],
          "failures": [],
          "pending": [],
          "skipped": [],
          "duration": 374,
          "root": false,
          "rootEmpty": false,
          "_timeout": 2000
        },
        {
          "uuid": "1e6b7526-6a5d-4d8a-9d19-6ec7efee96fb",
          "title": "6 - Defina a cor preta como cor inicial. Ao carregar a página a cor preta já deve estar selecionada para pintar os pixels",
          "fullFile": "",
          "file": "",
          "beforeHooks": [],
          "afterHooks": [],
          "tests": [
            {
              "title": "Verifica se o elemento da cor preta possui, inicialmente, a `classe` `selected`",
              "fullTitle": "6 - Defina a cor preta como cor inicial. Ao carregar a página a cor preta já deve estar selecionada para pintar os pixels Verifica se o elemento da cor preta possui, inicialmente, a `classe` `selected`",
              "timedOut": null,
              "duration": 64,
              "state": "passed",
              "speed": "medium",
              "pass": true,
              "fail": false,
              "pending": false,
              "context": null,
              "code": "cy.get('.selected').first().should('have.css', 'background-color', BLACK);",
              "err": {},
              "uuid": "fea70d90-ac9a-4bab-a311-1ec0a3053617",
              "parentUUID": "1e6b7526-6a5d-4d8a-9d19-6ec7efee96fb",
              "isHook": false,
              "skipped": false
            },
            {
              "title": "Verifica se nenhuma outra cor da paleta tem a `classe` `selected`",
              "fullTitle": "6 - Defina a cor preta como cor inicial. Ao carregar a página a cor preta já deve estar selecionada para pintar os pixels Verifica se nenhuma outra cor da paleta tem a `classe` `selected`",
              "timedOut": null,
              "duration": 101,
              "state": "passed",
              "speed": "slow",
              "pass": true,
              "fail": false,
              "pending": false,
              "context": null,
              "code": "cy.get('.color:not(:first-child)').each(function (color) {\n  cy.wrap(color).should('not.have.class', 'selected');\n});",
              "err": {},
              "uuid": "17664c85-6fe0-48e2-823b-8d3014ed5bcb",
              "parentUUID": "1e6b7526-6a5d-4d8a-9d19-6ec7efee96fb",
              "isHook": false,
              "skipped": false
            }
          ],
          "suites": [],
          "passes": [
            "fea70d90-ac9a-4bab-a311-1ec0a3053617",
            "17664c85-6fe0-48e2-823b-8d3014ed5bcb"
          ],
          "failures": [],
          "pending": [],
          "skipped": [],
          "duration": 165,
          "root": false,
          "rootEmpty": false,
          "_timeout": 2000
        },
        {
          "uuid": "faaabfd7-fdff-4164-b7fc-b178ac1a65df",
          "title": "7 - Clicar em uma das cores da paleta, faz com que ela seja selecionada e utilizada para preencher os pixels no quadro.",
          "fullFile": "",
          "file": "",
          "beforeHooks": [],
          "afterHooks": [],
          "tests": [
            {
              "title": "Verifica se somente uma cor da paleta de cores tem a classe `selected` de cada vez",
              "fullTitle": "7 - Clicar em uma das cores da paleta, faz com que ela seja selecionada e utilizada para preencher os pixels no quadro. Verifica se somente uma cor da paleta de cores tem a classe `selected` de cada vez",
              "timedOut": null,
              "duration": 466,
              "state": "passed",
              "speed": "slow",
              "pass": true,
              "fail": false,
              "pending": false,
              "context": null,
              "code": "cy.get('.color').each(function (selectedColor, selectedColorIndex) {\n  cy.wrap(selectedColor).click();\n  cy.get('.color').each(function (color, colorIndex) {\n    if (colorIndex === selectedColorIndex) {\n      expect(color).to.have[\"class\"]('selected');\n    } else {\n      expect(color).not.to.have[\"class\"]('selected');\n    }\n  });\n});",
              "err": {},
              "uuid": "05f720de-9029-4a20-98ab-4104e9bb8235",
              "parentUUID": "faaabfd7-fdff-4164-b7fc-b178ac1a65df",
              "isHook": false,
              "skipped": false
            },
            {
              "title": "Verifica se os pixels dentro do quadro não têm a classe `selected` quando são clicados",
              "fullTitle": "7 - Clicar em uma das cores da paleta, faz com que ela seja selecionada e utilizada para preencher os pixels no quadro. Verifica se os pixels dentro do quadro não têm a classe `selected` quando são clicados",
              "timedOut": null,
              "duration": 8892,
              "state": "passed",
              "speed": "slow",
              "pass": true,
              "fail": false,
              "pending": false,
              "context": null,
              "code": "cy.get('.color').each(function (color) {\n  var backgroundColor = color.css('background-color');\n  cy.wrap(color).click();\n  cy.get('.pixel').each(function (pixel) {\n    cy.wrap(pixel).click().should('not.have.class', 'selected');\n  });\n});",
              "err": {},
              "uuid": "0c96b00a-a12e-443c-9509-45098e5426cc",
              "parentUUID": "faaabfd7-fdff-4164-b7fc-b178ac1a65df",
              "isHook": false,
              "skipped": false
            }
          ],
          "suites": [],
          "passes": [
            "05f720de-9029-4a20-98ab-4104e9bb8235",
            "0c96b00a-a12e-443c-9509-45098e5426cc"
          ],
          "failures": [],
          "pending": [],
          "skipped": [],
          "duration": 9358,
          "root": false,
          "rootEmpty": false,
          "_timeout": 2000
        },
        {
          "uuid": "b5cb1e95-4ffc-4b10-a82b-cdd607b5f969",
          "title": "8 - Clicar em um pixel dentro do quadro após selecionar uma cor na paleta, faz com que o pixel seja preenchido com a cor selecionada.",
          "fullFile": "",
          "file": "",
          "beforeHooks": [],
          "afterHooks": [],
          "tests": [
            {
              "title": "Verifica se ao carregar a página deve ser possível pintar os pixels de preto",
              "fullTitle": "8 - Clicar em um pixel dentro do quadro após selecionar uma cor na paleta, faz com que o pixel seja preenchido com a cor selecionada. Verifica se ao carregar a página deve ser possível pintar os pixels de preto",
              "timedOut": null,
              "duration": 2181,
              "state": "passed",
              "speed": "slow",
              "pass": true,
              "fail": false,
              "pending": false,
              "context": null,
              "code": "cy.get('.pixel').each(function (pixel) {\n  cy.wrap(pixel).click().should('have.css', 'background-color', BLACK);\n});",
              "err": {},
              "uuid": "a1ec4267-5a03-4410-9f43-2c27ab78cc2c",
              "parentUUID": "b5cb1e95-4ffc-4b10-a82b-cdd607b5f969",
              "isHook": false,
              "skipped": false
            },
            {
              "title": "Verifica se após selecionar uma outra cor na paleta, é possível pintar os pixels com essa cor",
              "fullTitle": "8 - Clicar em um pixel dentro do quadro após selecionar uma cor na paleta, faz com que o pixel seja preenchido com a cor selecionada. Verifica se após selecionar uma outra cor na paleta, é possível pintar os pixels com essa cor",
              "timedOut": null,
              "duration": 8878,
              "state": "passed",
              "speed": "slow",
              "pass": true,
              "fail": false,
              "pending": false,
              "context": null,
              "code": "cy.get('.color').each(function (color) {\n  var backgroundColor = color.css('background-color');\n  cy.wrap(color).click();\n  cy.get('.pixel').each(function (pixel) {\n    cy.wrap(pixel).click().should('have.css', 'background-color', backgroundColor);\n  });\n});",
              "err": {},
              "uuid": "322a2088-ff68-40a6-8563-c26f09a92663",
              "parentUUID": "b5cb1e95-4ffc-4b10-a82b-cdd607b5f969",
              "isHook": false,
              "skipped": false
            },
            {
              "title": "Verifica se somente o pixel que foi clicado foi preenchido com a cor selecionada, sem influenciar na cor dos demais pixels.",
              "fullTitle": "8 - Clicar em um pixel dentro do quadro após selecionar uma cor na paleta, faz com que o pixel seja preenchido com a cor selecionada. Verifica se somente o pixel que foi clicado foi preenchido com a cor selecionada, sem influenciar na cor dos demais pixels.",
              "timedOut": null,
              "duration": 1205,
              "state": "passed",
              "speed": "slow",
              "pass": true,
              "fail": false,
              "pending": false,
              "context": null,
              "code": "var colorToPixelIndexMap = {\n  0: 6,\n  1: 8,\n  2: 16,\n  3: 18\n};\ncy.get('.color').each(function (color, index) {\n  cy.wrap(color).click();\n  var backgroundColor = color.css('background-color');\n  var clickedPixelIndex = colorToPixelIndexMap[index];\n  cy.get('.pixel').eq(clickedPixelIndex).click();\n  cy.get('.pixel').eq(clickedPixelIndex - 1).should('not.have.css', 'background-color', backgroundColor);\n  cy.get('.pixel').eq(clickedPixelIndex + 1).should('not.have.css', 'background-color', backgroundColor);\n  cy.get('.pixel').eq(clickedPixelIndex - 5).should('not.have.css', 'background-color', backgroundColor);\n  cy.get('.pixel').eq(clickedPixelIndex + 5).should('not.have.css', 'background-color', backgroundColor);\n  cy.get('.pixel').eq(clickedPixelIndex - 6).should('not.have.css', 'background-color', backgroundColor);\n  cy.get('.pixel').eq(clickedPixelIndex - 4).should('not.have.css', 'background-color', backgroundColor);\n  cy.get('.pixel').eq(clickedPixelIndex + 4).should('not.have.css', 'background-color', backgroundColor);\n  cy.get('.pixel').eq(clickedPixelIndex + 6).should('not.have.css', 'background-color', backgroundColor);\n});",
              "err": {},
              "uuid": "cacab33c-fb0f-4f4d-852f-5c8832236944",
              "parentUUID": "b5cb1e95-4ffc-4b10-a82b-cdd607b5f969",
              "isHook": false,
              "skipped": false
            }
          ],
          "suites": [],
          "passes": [
            "a1ec4267-5a03-4410-9f43-2c27ab78cc2c",
            "322a2088-ff68-40a6-8563-c26f09a92663",
            "cacab33c-fb0f-4f4d-852f-5c8832236944"
          ],
          "failures": [],
          "pending": [],
          "skipped": [],
          "duration": 12264,
          "root": false,
          "rootEmpty": false,
          "_timeout": 2000
        },
        {
          "uuid": "14b3480e-d690-4ac4-8449-2454e398e78d",
          "title": "9 - Crie um botão que, ao ser clicado, limpa o quadro preenchendo a cor de todos seus pixels com branco.",
          "fullFile": "",
          "file": "",
          "beforeHooks": [],
          "afterHooks": [],
          "tests": [
            {
              "title": "Verifica se o botão tem o `id` denominado `clear-board`",
              "fullTitle": "9 - Crie um botão que, ao ser clicado, limpa o quadro preenchendo a cor de todos seus pixels com branco. Verifica se o botão tem o `id` denominado `clear-board`",
              "timedOut": null,
              "duration": 94,
              "state": "passed",
              "speed": "slow",
              "pass": true,
              "fail": false,
              "pending": false,
              "context": null,
              "code": "cy.get('#clear-board').should('be.visible');",
              "err": {},
              "uuid": "979a3eb8-3622-4626-b191-7b857deff560",
              "parentUUID": "14b3480e-d690-4ac4-8449-2454e398e78d",
              "isHook": false,
              "skipped": false
            },
            {
              "title": "Verifica se o botão está posicionado entre a paleta de cores e o quadro de pixels",
              "fullTitle": "9 - Crie um botão que, ao ser clicado, limpa o quadro preenchendo a cor de todos seus pixels com branco. Verifica se o botão está posicionado entre a paleta de cores e o quadro de pixels",
              "timedOut": null,
              "duration": 71,
              "state": "passed",
              "speed": "medium",
              "pass": true,
              "fail": false,
              "pending": false,
              "context": null,
              "code": "cy.get('#color-palette').then(function (palette) {\n  cy.get('#clear-board').should('be.belowOf', palette);\n});\ncy.get('#clear-board').then(function (clearBtn) {\n  cy.get('#pixel-board').should('be.belowOf', clearBtn);\n});",
              "err": {},
              "uuid": "294ecc23-69cc-494d-9990-eedcea343d86",
              "parentUUID": "14b3480e-d690-4ac4-8449-2454e398e78d",
              "isHook": false,
              "skipped": false
            },
            {
              "title": "Verifica se o texto do botão é 'Limpar'",
              "fullTitle": "9 - Crie um botão que, ao ser clicado, limpa o quadro preenchendo a cor de todos seus pixels com branco. Verifica se o texto do botão é 'Limpar'",
              "timedOut": null,
              "duration": 78,
              "state": "passed",
              "speed": "slow",
              "pass": true,
              "fail": false,
              "pending": false,
              "context": null,
              "code": "cy.get('#clear-board').should('contain.text', 'Limpar');",
              "err": {},
              "uuid": "76546bad-1a3c-4787-af8e-0a34bf80d146",
              "parentUUID": "14b3480e-d690-4ac4-8449-2454e398e78d",
              "isHook": false,
              "skipped": false
            },
            {
              "title": "Verifica se ao clicar no botão, o quadro de pixels é totalmente preenchido de branco",
              "fullTitle": "9 - Crie um botão que, ao ser clicado, limpa o quadro preenchendo a cor de todos seus pixels com branco. Verifica se ao clicar no botão, o quadro de pixels é totalmente preenchido de branco",
              "timedOut": null,
              "duration": 2429,
              "state": "passed",
              "speed": "slow",
              "pass": true,
              "fail": false,
              "pending": false,
              "context": null,
              "code": "cy.get('.color').eq(1).then(function (color) {\n  var backgroundColor = color.css('background-color');\n  cy.wrap(color).click();\n  cy.get('.pixel').each(function (pixel) {\n    cy.wrap(pixel).click().should('have.css', 'background-color', backgroundColor);\n  });\n});\ncy.get('#clear-board').click();\ncy.get('.pixel').each(function (pixel) {\n  cy.wrap(pixel).should('have.css', 'background-color', WHITE);\n});",
              "err": {},
              "uuid": "36817ee1-7473-4b13-89cd-5b96ac707ed7",
              "parentUUID": "14b3480e-d690-4ac4-8449-2454e398e78d",
              "isHook": false,
              "skipped": false
            }
          ],
          "suites": [],
          "passes": [
            "979a3eb8-3622-4626-b191-7b857deff560",
            "294ecc23-69cc-494d-9990-eedcea343d86",
            "76546bad-1a3c-4787-af8e-0a34bf80d146",
            "36817ee1-7473-4b13-89cd-5b96ac707ed7"
          ],
          "failures": [],
          "pending": [],
          "skipped": [],
          "duration": 2672,
          "root": false,
          "rootEmpty": false,
          "_timeout": 2000
        },
        {
          "uuid": "f5bfb4bc-2b18-4f52-9831-ff58be80dbfd",
          "title": "10 - Faça o quadro de pixels ter seu tamanho definido pelo usuário.",
          "fullFile": "",
          "file": "",
          "beforeHooks": [],
          "afterHooks": [],
          "tests": [
            {
              "title": "Verifica se existe um input com o id `board-size`",
              "fullTitle": "10 - Faça o quadro de pixels ter seu tamanho definido pelo usuário. Verifica se existe um input com o id `board-size`",
              "timedOut": null,
              "duration": 4229,
              "state": "failed",
              "speed": null,
              "pass": false,
              "fail": true,
              "pending": false,
              "context": null,
              "code": "cy.get('#board-size').should('be.visible');",
              "err": {
                "message": "CypressError: Timed out retrying: Expected to find element: '#board-size', but never found it.",
                "estack": "CypressError: Timed out retrying: Expected to find element: '#board-size', but never found it.\n    at cypressErr (http://localhost:40505/__cypress/runner/cypress_runner.js:149934:9)\n    at throwErr (http://localhost:40505/__cypress/runner/cypress_runner.js:149867:11)\n    at Object.throwErrByPath (http://localhost:40505/__cypress/runner/cypress_runner.js:149915:3)\n    at retry (http://localhost:40505/__cypress/runner/cypress_runner.js:144197:19)\n    at onFailFn (http://localhost:40505/__cypress/runner/cypress_runner.js:132448:16)\n    at tryCatcher (http://localhost:40505/__cypress/runner/cypress_runner.js:167415:23)\n    at Promise._settlePromiseFromHandler (http://localhost:40505/__cypress/runner/cypress_runner.js:165351:31)\n    at Promise._settlePromise (http://localhost:40505/__cypress/runner/cypress_runner.js:165408:18)\n    at Promise._settlePromise0 (http://localhost:40505/__cypress/runner/cypress_runner.js:165453:10)\n    at Promise._settlePromises (http://localhost:40505/__cypress/runner/cypress_runner.js:165528:18)\n    at Async../node_modules/bluebird/js/release/async.js.Async._drainQueue (http://localhost:40505/__cypress/runner/cypress_runner.js:162140:16)\n    at Async../node_modules/bluebird/js/release/async.js.Async._drainQueues (http://localhost:40505/__cypress/runner/cypress_runner.js:162150:10)\n    at Async.drainQueues (http://localhost:40505/__cypress/runner/cypress_runner.js:162024:14)",
                "diff": null
              },
              "uuid": "101c2df1-17d1-41d5-967e-b8719ab09d29",
              "parentUUID": "f5bfb4bc-2b18-4f52-9831-ff58be80dbfd",
              "isHook": false,
              "skipped": false
            },
            {
              "title": "Verifica se existe um botão com o id `generate-board`",
              "fullTitle": "10 - Faça o quadro de pixels ter seu tamanho definido pelo usuário. Verifica se existe um botão com o id `generate-board`",
              "timedOut": null,
              "duration": 4239,
              "state": "failed",
              "speed": null,
              "pass": false,
              "fail": true,
              "pending": false,
              "context": null,
              "code": "cy.get('#generate-board').should('be.visible');",
              "err": {
                "message": "CypressError: Timed out retrying: Expected to find element: '#generate-board', but never found it.",
                "estack": "CypressError: Timed out retrying: Expected to find element: '#generate-board', but never found it.\n    at cypressErr (http://localhost:40505/__cypress/runner/cypress_runner.js:149934:9)\n    at throwErr (http://localhost:40505/__cypress/runner/cypress_runner.js:149867:11)\n    at Object.throwErrByPath (http://localhost:40505/__cypress/runner/cypress_runner.js:149915:3)\n    at retry (http://localhost:40505/__cypress/runner/cypress_runner.js:144197:19)\n    at onFailFn (http://localhost:40505/__cypress/runner/cypress_runner.js:132448:16)\n    at tryCatcher (http://localhost:40505/__cypress/runner/cypress_runner.js:167415:23)\n    at Promise._settlePromiseFromHandler (http://localhost:40505/__cypress/runner/cypress_runner.js:165351:31)\n    at Promise._settlePromise (http://localhost:40505/__cypress/runner/cypress_runner.js:165408:18)\n    at Promise._settlePromise0 (http://localhost:40505/__cypress/runner/cypress_runner.js:165453:10)\n    at Promise._settlePromises (http://localhost:40505/__cypress/runner/cypress_runner.js:165528:18)\n    at Async../node_modules/bluebird/js/release/async.js.Async._drainQueue (http://localhost:40505/__cypress/runner/cypress_runner.js:162140:16)\n    at Async../node_modules/bluebird/js/release/async.js.Async._drainQueues (http://localhost:40505/__cypress/runner/cypress_runner.js:162150:10)\n    at Async.drainQueues (http://localhost:40505/__cypress/runner/cypress_runner.js:162024:14)",
                "diff": null
              },
              "uuid": "991dd3a1-8982-4ce7-a727-3158fdbd1ccc",
              "parentUUID": "f5bfb4bc-2b18-4f52-9831-ff58be80dbfd",
              "isHook": false,
              "skipped": false
            },
            {
              "title": "Verifica se o input só aceita número maiores que zero. Essa restrição deve ser feita usando os atributos do elemento `input`",
              "fullTitle": "10 - Faça o quadro de pixels ter seu tamanho definido pelo usuário. Verifica se o input só aceita número maiores que zero. Essa restrição deve ser feita usando os atributos do elemento `input`",
              "timedOut": null,
              "duration": 4267,
              "state": "failed",
              "speed": null,
              "pass": false,
              "fail": true,
              "pending": false,
              "context": null,
              "code": "cy.get('#board-size[type=\\'number\\'][min=\\'1\\']');",
              "err": {
                "message": "CypressError: Timed out retrying: Expected to find element: '#board-size[type='number'][min='1']', but never found it.",
                "estack": "CypressError: Timed out retrying: Expected to find element: '#board-size[type='number'][min='1']', but never found it.\n    at cypressErr (http://localhost:40505/__cypress/runner/cypress_runner.js:149934:9)\n    at throwErr (http://localhost:40505/__cypress/runner/cypress_runner.js:149867:11)\n    at Object.throwErrByPath (http://localhost:40505/__cypress/runner/cypress_runner.js:149915:3)\n    at retry (http://localhost:40505/__cypress/runner/cypress_runner.js:144197:19)\n    at onFailFn (http://localhost:40505/__cypress/runner/cypress_runner.js:132448:16)\n    at tryCatcher (http://localhost:40505/__cypress/runner/cypress_runner.js:167415:23)\n    at Promise._settlePromiseFromHandler (http://localhost:40505/__cypress/runner/cypress_runner.js:165351:31)\n    at Promise._settlePromise (http://localhost:40505/__cypress/runner/cypress_runner.js:165408:18)\n    at Promise._settlePromise0 (http://localhost:40505/__cypress/runner/cypress_runner.js:165453:10)\n    at Promise._settlePromises (http://localhost:40505/__cypress/runner/cypress_runner.js:165528:18)\n    at Async../node_modules/bluebird/js/release/async.js.Async._drainQueue (http://localhost:40505/__cypress/runner/cypress_runner.js:162140:16)\n    at Async../node_modules/bluebird/js/release/async.js.Async._drainQueues (http://localhost:40505/__cypress/runner/cypress_runner.js:162150:10)\n    at Async.drainQueues (http://localhost:40505/__cypress/runner/cypress_runner.js:162024:14)",
                "diff": null
              },
              "uuid": "e77b782e-4443-4771-a4f2-529290285253",
              "parentUUID": "f5bfb4bc-2b18-4f52-9831-ff58be80dbfd",
              "isHook": false,
              "skipped": false
            },
            {
              "title": "Verifica se o botão contém o texto 'VQV'",
              "fullTitle": "10 - Faça o quadro de pixels ter seu tamanho definido pelo usuário. Verifica se o botão contém o texto 'VQV'",
              "timedOut": null,
              "duration": 4195,
              "state": "failed",
              "speed": null,
              "pass": false,
              "fail": true,
              "pending": false,
              "context": null,
              "code": "cy.get('#generate-board').contains(/vqv/i);",
              "err": {
                "message": "CypressError: Timed out retrying: Expected to find element: '#generate-board', but never found it.",
                "estack": "CypressError: Timed out retrying: Expected to find element: '#generate-board', but never found it.\n    at cypressErr (http://localhost:40505/__cypress/runner/cypress_runner.js:149934:9)\n    at throwErr (http://localhost:40505/__cypress/runner/cypress_runner.js:149867:11)\n    at Object.throwErrByPath (http://localhost:40505/__cypress/runner/cypress_runner.js:149915:3)\n    at retry (http://localhost:40505/__cypress/runner/cypress_runner.js:144197:19)\n    at onFailFn (http://localhost:40505/__cypress/runner/cypress_runner.js:132448:16)\n    at tryCatcher (http://localhost:40505/__cypress/runner/cypress_runner.js:167415:23)\n    at Promise._settlePromiseFromHandler (http://localhost:40505/__cypress/runner/cypress_runner.js:165351:31)\n    at Promise._settlePromise (http://localhost:40505/__cypress/runner/cypress_runner.js:165408:18)\n    at Promise._settlePromise0 (http://localhost:40505/__cypress/runner/cypress_runner.js:165453:10)\n    at Promise._settlePromises (http://localhost:40505/__cypress/runner/cypress_runner.js:165528:18)\n    at Async../node_modules/bluebird/js/release/async.js.Async._drainQueue (http://localhost:40505/__cypress/runner/cypress_runner.js:162140:16)\n    at Async../node_modules/bluebird/js/release/async.js.Async._drainQueues (http://localhost:40505/__cypress/runner/cypress_runner.js:162150:10)\n    at Async.drainQueues (http://localhost:40505/__cypress/runner/cypress_runner.js:162024:14)",
                "diff": null
              },
              "uuid": "41c931ab-3d20-4e76-8d13-a64bb768dc58",
              "parentUUID": "f5bfb4bc-2b18-4f52-9831-ff58be80dbfd",
              "isHook": false,
              "skipped": false
            },
            {
              "title": "Verifica se o input está posicionado entre a paleta de cores e o quadro de pixels",
              "fullTitle": "10 - Faça o quadro de pixels ter seu tamanho definido pelo usuário. Verifica se o input está posicionado entre a paleta de cores e o quadro de pixels",
              "timedOut": null,
              "duration": 4259,
              "state": "failed",
              "speed": null,
              "pass": false,
              "fail": true,
              "pending": false,
              "context": null,
              "code": "cy.get('#color-palette').then(function (palette) {\n  cy.get('#board-size').should('be.belowOf', palette);\n});\ncy.get('#board-size').then(function (palette) {\n  cy.get('#pixel-board').should('be.belowOf', palette);\n});",
              "err": {
                "message": "CypressError: Timed out retrying: Expected to find element: '#board-size', but never found it.",
                "estack": "CypressError: Timed out retrying: Expected to find element: '#board-size', but never found it.\n    at cypressErr (http://localhost:40505/__cypress/runner/cypress_runner.js:149934:9)\n    at throwErr (http://localhost:40505/__cypress/runner/cypress_runner.js:149867:11)\n    at Object.throwErrByPath (http://localhost:40505/__cypress/runner/cypress_runner.js:149915:3)\n    at retry (http://localhost:40505/__cypress/runner/cypress_runner.js:144197:19)\n    at onFailFn (http://localhost:40505/__cypress/runner/cypress_runner.js:132448:16)\n    at tryCatcher (http://localhost:40505/__cypress/runner/cypress_runner.js:167415:23)\n    at Promise._settlePromiseFromHandler (http://localhost:40505/__cypress/runner/cypress_runner.js:165351:31)\n    at Promise._settlePromise (http://localhost:40505/__cypress/runner/cypress_runner.js:165408:18)\n    at Promise._settlePromise0 (http://localhost:40505/__cypress/runner/cypress_runner.js:165453:10)\n    at Promise._settlePromises (http://localhost:40505/__cypress/runner/cypress_runner.js:165528:18)\n    at Async../node_modules/bluebird/js/release/async.js.Async._drainQueue (http://localhost:40505/__cypress/runner/cypress_runner.js:162140:16)\n    at Async../node_modules/bluebird/js/release/async.js.Async._drainQueues (http://localhost:40505/__cypress/runner/cypress_runner.js:162150:10)\n    at Async.drainQueues (http://localhost:40505/__cypress/runner/cypress_runner.js:162024:14)",
                "diff": null
              },
              "uuid": "4bdf44cd-2d61-4fe5-be32-5631383538c8",
              "parentUUID": "f5bfb4bc-2b18-4f52-9831-ff58be80dbfd",
              "isHook": false,
              "skipped": false
            },
            {
              "title": "Verifica se o botão está posicionado ao lado do input",
              "fullTitle": "10 - Faça o quadro de pixels ter seu tamanho definido pelo usuário. Verifica se o botão está posicionado ao lado do input",
              "timedOut": null,
              "duration": 4244,
              "state": "failed",
              "speed": null,
              "pass": false,
              "fail": true,
              "pending": false,
              "context": null,
              "code": "cy.get('#board-size').then(function (board) {\n  cy.get('#generate-board').should('be.onTheRightOf', board);\n});",
              "err": {
                "message": "CypressError: Timed out retrying: Expected to find element: '#board-size', but never found it.",
                "estack": "CypressError: Timed out retrying: Expected to find element: '#board-size', but never found it.\n    at cypressErr (http://localhost:40505/__cypress/runner/cypress_runner.js:149934:9)\n    at throwErr (http://localhost:40505/__cypress/runner/cypress_runner.js:149867:11)\n    at Object.throwErrByPath (http://localhost:40505/__cypress/runner/cypress_runner.js:149915:3)\n    at retry (http://localhost:40505/__cypress/runner/cypress_runner.js:144197:19)\n    at onFailFn (http://localhost:40505/__cypress/runner/cypress_runner.js:132448:16)\n    at tryCatcher (http://localhost:40505/__cypress/runner/cypress_runner.js:167415:23)\n    at Promise._settlePromiseFromHandler (http://localhost:40505/__cypress/runner/cypress_runner.js:165351:31)\n    at Promise._settlePromise (http://localhost:40505/__cypress/runner/cypress_runner.js:165408:18)\n    at Promise._settlePromise0 (http://localhost:40505/__cypress/runner/cypress_runner.js:165453:10)\n    at Promise._settlePromises (http://localhost:40505/__cypress/runner/cypress_runner.js:165528:18)\n    at Async../node_modules/bluebird/js/release/async.js.Async._drainQueue (http://localhost:40505/__cypress/runner/cypress_runner.js:162140:16)\n    at Async../node_modules/bluebird/js/release/async.js.Async._drainQueues (http://localhost:40505/__cypress/runner/cypress_runner.js:162150:10)\n    at Async.drainQueues (http://localhost:40505/__cypress/runner/cypress_runner.js:162024:14)",
                "diff": null
              },
              "uuid": "f0f97501-c7d8-4aef-a5ee-97ed01b619ac",
              "parentUUID": "f5bfb4bc-2b18-4f52-9831-ff58be80dbfd",
              "isHook": false,
              "skipped": false
            },
            {
              "title": "Verifica se nenhum valor for colocado no input ao clicar no botão, um `alert` é exibido com o texto: 'Board inválido!'",
              "fullTitle": "10 - Faça o quadro de pixels ter seu tamanho definido pelo usuário. Verifica se nenhum valor for colocado no input ao clicar no botão, um `alert` é exibido com o texto: 'Board inválido!'",
              "timedOut": null,
              "duration": 4306,
              "state": "failed",
              "speed": null,
              "pass": false,
              "fail": true,
              "pending": false,
              "context": null,
              "code": "var alerted = false;\ncy.on('window:alert', function (msg) {\n  return alerted = msg;\n});\ncy.get('#generate-board').click().then(function () {\n  return expect(alerted).to.match(/Board inválido!/i);\n});",
              "err": {
                "message": "CypressError: Timed out retrying: Expected to find element: '#generate-board', but never found it.",
                "estack": "CypressError: Timed out retrying: Expected to find element: '#generate-board', but never found it.\n    at cypressErr (http://localhost:40505/__cypress/runner/cypress_runner.js:149934:9)\n    at throwErr (http://localhost:40505/__cypress/runner/cypress_runner.js:149867:11)\n    at Object.throwErrByPath (http://localhost:40505/__cypress/runner/cypress_runner.js:149915:3)\n    at retry (http://localhost:40505/__cypress/runner/cypress_runner.js:144197:19)\n    at onFailFn (http://localhost:40505/__cypress/runner/cypress_runner.js:132448:16)\n    at tryCatcher (http://localhost:40505/__cypress/runner/cypress_runner.js:167415:23)\n    at Promise._settlePromiseFromHandler (http://localhost:40505/__cypress/runner/cypress_runner.js:165351:31)\n    at Promise._settlePromise (http://localhost:40505/__cypress/runner/cypress_runner.js:165408:18)\n    at Promise._settlePromise0 (http://localhost:40505/__cypress/runner/cypress_runner.js:165453:10)\n    at Promise._settlePromises (http://localhost:40505/__cypress/runner/cypress_runner.js:165528:18)\n    at Async../node_modules/bluebird/js/release/async.js.Async._drainQueue (http://localhost:40505/__cypress/runner/cypress_runner.js:162140:16)\n    at Async../node_modules/bluebird/js/release/async.js.Async._drainQueues (http://localhost:40505/__cypress/runner/cypress_runner.js:162150:10)\n    at Async.drainQueues (http://localhost:40505/__cypress/runner/cypress_runner.js:162024:14)",
                "diff": null
              },
              "uuid": "7c09ca2c-eb50-4958-a5a3-60cb3f1efb3b",
              "parentUUID": "f5bfb4bc-2b18-4f52-9831-ff58be80dbfd",
              "isHook": false,
              "skipped": false
            },
            {
              "title": "Verifica se ao clicar no botão com um valor preenchido, o tamanho do board muda.",
              "fullTitle": "10 - Faça o quadro de pixels ter seu tamanho definido pelo usuário. Verifica se ao clicar no botão com um valor preenchido, o tamanho do board muda.",
              "timedOut": null,
              "duration": 4218,
              "state": "failed",
              "speed": null,
              "pass": false,
              "fail": true,
              "pending": false,
              "context": null,
              "code": "cy.get('#board-size').clear().type(10);\ncy.get('#generate-board').click();\ncy.get('.pixel').should('have.length', 100);",
              "err": {
                "message": "CypressError: Timed out retrying: Expected to find element: '#board-size', but never found it.",
                "estack": "CypressError: Timed out retrying: Expected to find element: '#board-size', but never found it.\n    at cypressErr (http://localhost:40505/__cypress/runner/cypress_runner.js:149934:9)\n    at throwErr (http://localhost:40505/__cypress/runner/cypress_runner.js:149867:11)\n    at Object.throwErrByPath (http://localhost:40505/__cypress/runner/cypress_runner.js:149915:3)\n    at retry (http://localhost:40505/__cypress/runner/cypress_runner.js:144197:19)\n    at onFailFn (http://localhost:40505/__cypress/runner/cypress_runner.js:132448:16)\n    at tryCatcher (http://localhost:40505/__cypress/runner/cypress_runner.js:167415:23)\n    at Promise._settlePromiseFromHandler (http://localhost:40505/__cypress/runner/cypress_runner.js:165351:31)\n    at Promise._settlePromise (http://localhost:40505/__cypress/runner/cypress_runner.js:165408:18)\n    at Promise._settlePromise0 (http://localhost:40505/__cypress/runner/cypress_runner.js:165453:10)\n    at Promise._settlePromises (http://localhost:40505/__cypress/runner/cypress_runner.js:165528:18)\n    at Async../node_modules/bluebird/js/release/async.js.Async._drainQueue (http://localhost:40505/__cypress/runner/cypress_runner.js:162140:16)\n    at Async../node_modules/bluebird/js/release/async.js.Async._drainQueues (http://localhost:40505/__cypress/runner/cypress_runner.js:162150:10)\n    at Async.drainQueues (http://localhost:40505/__cypress/runner/cypress_runner.js:162024:14)",
                "diff": null
              },
              "uuid": "566bebe6-603c-406c-8499-ae512061ea0e",
              "parentUUID": "f5bfb4bc-2b18-4f52-9831-ff58be80dbfd",
              "isHook": false,
              "skipped": false
            },
            {
              "title": "Verifica se o novo quadro tem todos os pixels preenchidos com a cor branca",
              "fullTitle": "10 - Faça o quadro de pixels ter seu tamanho definido pelo usuário. Verifica se o novo quadro tem todos os pixels preenchidos com a cor branca",
              "timedOut": null,
              "duration": 4243,
              "state": "failed",
              "speed": null,
              "pass": false,
              "fail": true,
              "pending": false,
              "context": null,
              "code": "cy.get('#board-size').clear().type(6);\ncy.get('#generate-board').click();\ncy.get('.pixel').should('have.length', 36).each(function (pixel) {\n  expect(pixel).to.have.css('background-color', WHITE);\n});",
              "err": {
                "message": "CypressError: Timed out retrying: Expected to find element: '#board-size', but never found it.",
                "estack": "CypressError: Timed out retrying: Expected to find element: '#board-size', but never found it.\n    at cypressErr (http://localhost:40505/__cypress/runner/cypress_runner.js:149934:9)\n    at throwErr (http://localhost:40505/__cypress/runner/cypress_runner.js:149867:11)\n    at Object.throwErrByPath (http://localhost:40505/__cypress/runner/cypress_runner.js:149915:3)\n    at retry (http://localhost:40505/__cypress/runner/cypress_runner.js:144197:19)\n    at onFailFn (http://localhost:40505/__cypress/runner/cypress_runner.js:132448:16)\n    at tryCatcher (http://localhost:40505/__cypress/runner/cypress_runner.js:167415:23)\n    at Promise._settlePromiseFromHandler (http://localhost:40505/__cypress/runner/cypress_runner.js:165351:31)\n    at Promise._settlePromise (http://localhost:40505/__cypress/runner/cypress_runner.js:165408:18)\n    at Promise._settlePromise0 (http://localhost:40505/__cypress/runner/cypress_runner.js:165453:10)\n    at Promise._settlePromises (http://localhost:40505/__cypress/runner/cypress_runner.js:165528:18)\n    at Async../node_modules/bluebird/js/release/async.js.Async._drainQueue (http://localhost:40505/__cypress/runner/cypress_runner.js:162140:16)\n    at Async../node_modules/bluebird/js/release/async.js.Async._drainQueues (http://localhost:40505/__cypress/runner/cypress_runner.js:162150:10)\n    at Async.drainQueues (http://localhost:40505/__cypress/runner/cypress_runner.js:162024:14)",
                "diff": null
              },
              "uuid": "1cc64a1b-3856-413a-8889-a6ef79056838",
              "parentUUID": "f5bfb4bc-2b18-4f52-9831-ff58be80dbfd",
              "isHook": false,
              "skipped": false
            }
          ],
          "suites": [],
          "passes": [],
          "failures": [
            "101c2df1-17d1-41d5-967e-b8719ab09d29",
            "991dd3a1-8982-4ce7-a727-3158fdbd1ccc",
            "e77b782e-4443-4771-a4f2-529290285253",
            "41c931ab-3d20-4e76-8d13-a64bb768dc58",
            "4bdf44cd-2d61-4fe5-be32-5631383538c8",
            "f0f97501-c7d8-4aef-a5ee-97ed01b619ac",
            "7c09ca2c-eb50-4958-a5a3-60cb3f1efb3b",
            "566bebe6-603c-406c-8499-ae512061ea0e",
            "1cc64a1b-3856-413a-8889-a6ef79056838"
          ],
          "pending": [],
          "skipped": [],
          "duration": 38200,
          "root": false,
          "rootEmpty": false,
          "_timeout": 2000
        },
        {
          "uuid": "a3acbc83-339c-4386-94fb-be79b100bcf5",
          "title": "11 - Limite o tamanho mínimo e máximo do board.",
          "fullFile": "",
          "file": "",
          "beforeHooks": [],
          "afterHooks": [],
          "tests": [
            {
              "title": "Verifica se a altura máxima do board é 50",
              "fullTitle": "11 - Limite o tamanho mínimo e máximo do board. Verifica se a altura máxima do board é 50",
              "timedOut": null,
              "duration": 4242,
              "state": "failed",
              "speed": null,
              "pass": false,
              "fail": true,
              "pending": false,
              "context": null,
              "code": "cy.get('#board-size').clear().type(50);\ncy.get('#generate-board').click();\ncy.get('.pixel').should('have.length', 2500);",
              "err": {
                "message": "CypressError: Timed out retrying: Expected to find element: '#board-size', but never found it.",
                "estack": "CypressError: Timed out retrying: Expected to find element: '#board-size', but never found it.\n    at cypressErr (http://localhost:40505/__cypress/runner/cypress_runner.js:149934:9)\n    at throwErr (http://localhost:40505/__cypress/runner/cypress_runner.js:149867:11)\n    at Object.throwErrByPath (http://localhost:40505/__cypress/runner/cypress_runner.js:149915:3)\n    at retry (http://localhost:40505/__cypress/runner/cypress_runner.js:144197:19)\n    at onFailFn (http://localhost:40505/__cypress/runner/cypress_runner.js:132448:16)\n    at tryCatcher (http://localhost:40505/__cypress/runner/cypress_runner.js:167415:23)\n    at Promise._settlePromiseFromHandler (http://localhost:40505/__cypress/runner/cypress_runner.js:165351:31)\n    at Promise._settlePromise (http://localhost:40505/__cypress/runner/cypress_runner.js:165408:18)\n    at Promise._settlePromise0 (http://localhost:40505/__cypress/runner/cypress_runner.js:165453:10)\n    at Promise._settlePromises (http://localhost:40505/__cypress/runner/cypress_runner.js:165528:18)\n    at Async../node_modules/bluebird/js/release/async.js.Async._drainQueue (http://localhost:40505/__cypress/runner/cypress_runner.js:162140:16)\n    at Async../node_modules/bluebird/js/release/async.js.Async._drainQueues (http://localhost:40505/__cypress/runner/cypress_runner.js:162150:10)\n    at Async.drainQueues (http://localhost:40505/__cypress/runner/cypress_runner.js:162024:14)",
                "diff": null
              },
              "uuid": "e1cc9d77-a55f-459a-bc0a-7e3e8cc2d1a7",
              "parentUUID": "a3acbc83-339c-4386-94fb-be79b100bcf5",
              "isHook": false,
              "skipped": false
            },
            {
              "title": "Verifica se a altura do board é 5 quando um valor menor é colocado no input",
              "fullTitle": "11 - Limite o tamanho mínimo e máximo do board. Verifica se a altura do board é 5 quando um valor menor é colocado no input",
              "timedOut": null,
              "duration": 4270,
              "state": "failed",
              "speed": null,
              "pass": false,
              "fail": true,
              "pending": false,
              "context": null,
              "code": "cy.get('#board-size').clear().type(4);\ncy.get('#generate-board').click();\ncy.get('.pixel').should('have.length', 25);",
              "err": {
                "message": "CypressError: Timed out retrying: Expected to find element: '#board-size', but never found it.",
                "estack": "CypressError: Timed out retrying: Expected to find element: '#board-size', but never found it.\n    at cypressErr (http://localhost:40505/__cypress/runner/cypress_runner.js:149934:9)\n    at throwErr (http://localhost:40505/__cypress/runner/cypress_runner.js:149867:11)\n    at Object.throwErrByPath (http://localhost:40505/__cypress/runner/cypress_runner.js:149915:3)\n    at retry (http://localhost:40505/__cypress/runner/cypress_runner.js:144197:19)\n    at onFailFn (http://localhost:40505/__cypress/runner/cypress_runner.js:132448:16)\n    at tryCatcher (http://localhost:40505/__cypress/runner/cypress_runner.js:167415:23)\n    at Promise._settlePromiseFromHandler (http://localhost:40505/__cypress/runner/cypress_runner.js:165351:31)\n    at Promise._settlePromise (http://localhost:40505/__cypress/runner/cypress_runner.js:165408:18)\n    at Promise._settlePromise0 (http://localhost:40505/__cypress/runner/cypress_runner.js:165453:10)\n    at Promise._settlePromises (http://localhost:40505/__cypress/runner/cypress_runner.js:165528:18)\n    at Async../node_modules/bluebird/js/release/async.js.Async._drainQueue (http://localhost:40505/__cypress/runner/cypress_runner.js:162140:16)\n    at Async../node_modules/bluebird/js/release/async.js.Async._drainQueues (http://localhost:40505/__cypress/runner/cypress_runner.js:162150:10)\n    at Async.drainQueues (http://localhost:40505/__cypress/runner/cypress_runner.js:162024:14)",
                "diff": null
              },
              "uuid": "bc8bcd2c-18ab-463e-858d-c2718f17fadf",
              "parentUUID": "a3acbc83-339c-4386-94fb-be79b100bcf5",
              "isHook": false,
              "skipped": false
            },
            {
              "title": "Verifica se a altura do board é 50 quando um valor maior é colocado no input",
              "fullTitle": "11 - Limite o tamanho mínimo e máximo do board. Verifica se a altura do board é 50 quando um valor maior é colocado no input",
              "timedOut": null,
              "duration": 4252,
              "state": "failed",
              "speed": null,
              "pass": false,
              "fail": true,
              "pending": false,
              "context": null,
              "code": "cy.get('#board-size').clear().type(51);\ncy.get('#generate-board').click();\ncy.get('.pixel').should('have.length', 2500);",
              "err": {
                "message": "CypressError: Timed out retrying: Expected to find element: '#board-size', but never found it.",
                "estack": "CypressError: Timed out retrying: Expected to find element: '#board-size', but never found it.\n    at cypressErr (http://localhost:40505/__cypress/runner/cypress_runner.js:149934:9)\n    at throwErr (http://localhost:40505/__cypress/runner/cypress_runner.js:149867:11)\n    at Object.throwErrByPath (http://localhost:40505/__cypress/runner/cypress_runner.js:149915:3)\n    at retry (http://localhost:40505/__cypress/runner/cypress_runner.js:144197:19)\n    at onFailFn (http://localhost:40505/__cypress/runner/cypress_runner.js:132448:16)\n    at tryCatcher (http://localhost:40505/__cypress/runner/cypress_runner.js:167415:23)\n    at Promise._settlePromiseFromHandler (http://localhost:40505/__cypress/runner/cypress_runner.js:165351:31)\n    at Promise._settlePromise (http://localhost:40505/__cypress/runner/cypress_runner.js:165408:18)\n    at Promise._settlePromise0 (http://localhost:40505/__cypress/runner/cypress_runner.js:165453:10)\n    at Promise._settlePromises (http://localhost:40505/__cypress/runner/cypress_runner.js:165528:18)\n    at Async../node_modules/bluebird/js/release/async.js.Async._drainQueue (http://localhost:40505/__cypress/runner/cypress_runner.js:162140:16)\n    at Async../node_modules/bluebird/js/release/async.js.Async._drainQueues (http://localhost:40505/__cypress/runner/cypress_runner.js:162150:10)\n    at Async.drainQueues (http://localhost:40505/__cypress/runner/cypress_runner.js:162024:14)",
                "diff": null
              },
              "uuid": "40c8293b-e262-4c89-b3e5-c5df50b80a6e",
              "parentUUID": "a3acbc83-339c-4386-94fb-be79b100bcf5",
              "isHook": false,
              "skipped": false
            }
          ],
          "suites": [],
          "passes": [],
          "failures": [
            "e1cc9d77-a55f-459a-bc0a-7e3e8cc2d1a7",
            "bc8bcd2c-18ab-463e-858d-c2718f17fadf",
            "40c8293b-e262-4c89-b3e5-c5df50b80a6e"
          ],
          "pending": [],
          "skipped": [],
          "duration": 12764,
          "root": false,
          "rootEmpty": false,
          "_timeout": 2000
        },
        {
          "uuid": "5ddc07e1-2692-4750-a1ae-89d1e0477c24",
          "title": "12 - Faça com que as cores da paleta sejam geradas aleatoriamente ao carregar a página.",
          "fullFile": "",
          "file": "",
          "beforeHooks": [],
          "afterHooks": [],
          "tests": [
            {
              "title": "Verifica se as cores geradas na paleta são diferentes a cada carregamento da página",
              "fullTitle": "12 - Faça com que as cores da paleta sejam geradas aleatoriamente ao carregar a página. Verifica se as cores geradas na paleta são diferentes a cada carregamento da página",
              "timedOut": null,
              "duration": 502,
              "state": "passed",
              "speed": "slow",
              "pass": true,
              "fail": false,
              "pending": false,
              "context": null,
              "code": "cy.get('.color').then(function (colors) {\n  var currentColors;\n  var previousColors;\n  previousColors = Array.from(colors).map(function (color) {\n    return Cypress.$(color).css('background-color');\n  });\n  for (var i = 0; i < 5; i += 1) {\n    cy.reload();\n    cy.get('.color').then(function (colors) {\n      currentColors = Array.from(colors).map(function (color) {\n        return Cypress.$(color).css('background-color');\n      });\n      expect(currentColors).not.to.deep.equal(previousColors);\n      previousColors = currentColors;\n    });\n  }\n});",
              "err": {},
              "uuid": "eaa8e59f-f0e1-42ef-ba7b-ebc3a4dee282",
              "parentUUID": "5ddc07e1-2692-4750-a1ae-89d1e0477c24",
              "isHook": false,
              "skipped": false
            },
            {
              "title": "Verifica se a cor preta ainda está presente e é a primeira na sua paleta de cores",
              "fullTitle": "12 - Faça com que as cores da paleta sejam geradas aleatoriamente ao carregar a página. Verifica se a cor preta ainda está presente e é a primeira na sua paleta de cores",
              "timedOut": null,
              "duration": 433,
              "state": "passed",
              "speed": "slow",
              "pass": true,
              "fail": false,
              "pending": false,
              "context": null,
              "code": "cy.get('.color').then(function (colors) {\n  var currentColors;\n  var previousColors;\n  previousColors = Array.from(colors).map(function (color) {\n    return Cypress.$(color).css('background-color');\n  });\n  expect(previousColors[0]).to.eq(BLACK);\n  for (var i = 0; i < 5; i += 1) {\n    cy.reload();\n    cy.get('.color').then(function (colors) {\n      currentColors = Array.from(colors).map(function (color) {\n        return Cypress.$(color).css('background-color');\n      });\n      expect(currentColors[0]).to.eq(BLACK);\n      expect(currentColors).not.to.deep.equal(previousColors);\n      previousColors = currentColors;\n    });\n  }\n});",
              "err": {},
              "uuid": "f651da70-51ac-44df-9625-2d57935ee042",
              "parentUUID": "5ddc07e1-2692-4750-a1ae-89d1e0477c24",
              "isHook": false,
              "skipped": false
            }
          ],
          "suites": [],
          "passes": [
            "eaa8e59f-f0e1-42ef-ba7b-ebc3a4dee282",
            "f651da70-51ac-44df-9625-2d57935ee042"
          ],
          "failures": [],
          "pending": [],
          "skipped": [],
          "duration": 935,
          "root": false,
          "rootEmpty": false,
          "_timeout": 2000
        }
      ],
      "passes": [],
      "failures": [],
      "pending": [],
      "skipped": [],
      "duration": 0,
      "root": true,
      "rootEmpty": true,
      "_timeout": 2000
    }
  ],
  "meta": {
    "mocha": {
      "version": "7.0.1"
    },
    "mochawesome": {
      "options": {
        "quiet": false,
        "reportFilename": "mochawesome",
        "saveHtml": false,
        "saveJson": true,
        "consoleReporter": "spec",
        "useInlineDiffs": false
      },
      "version": "4.1.0"
    },
    "marge": {
      "options": {
        "id": "default",
        "reportDir": "cypress/reports",
        "overwrite": true,
        "html": false,
        "json": true
      },
      "version": "4.1.0"
    }
  }
}