{
  "stats": {
    "suites": 12,
    "tests": 41,
    "passes": 23,
    "pending": 0,
    "failures": 18,
    "start": "2022-08-24T16:58:00.142Z",
    "end": "2022-08-24T16:59:31.723Z",
    "duration": 91581,
    "testsRegistered": 41,
    "passPercent": 56.09756097560976,
    "pendingPercent": 0,
    "other": 0,
    "hasOther": false,
    "skipped": 0,
    "hasSkipped": false
  },
  "results": [
    {
      "uuid": "834b9fd9-5506-4569-b0d2-136fa23defab",
      "title": "",
      "fullFile": "cypress/integration/project.spec.js",
      "file": "cypress/integration/project.spec.js",
      "beforeHooks": [],
      "afterHooks": [],
      "tests": [],
      "suites": [
        {
          "uuid": "0bdb3029-c23f-4314-9185-236bf26ce250",
          "title": "1 - Adicione à página o título \"Paleta de Cores\".",
          "fullFile": "",
          "file": "",
          "beforeHooks": [],
          "afterHooks": [],
          "tests": [
            {
              "title": "Verifica se contém um elemento `h1` com o id `title` com o título correto",
              "fullTitle": "1 - Adicione à página o título \"Paleta de Cores\". Verifica se contém um elemento `h1` com o id `title` com o título correto",
              "timedOut": null,
              "duration": 187,
              "state": "passed",
              "speed": "slow",
              "pass": true,
              "fail": false,
              "pending": false,
              "context": null,
              "code": "cy.get('h1#title').should('contain.text', 'Paleta de Cores');",
              "err": {},
              "uuid": "852836ad-8341-4939-9f62-596d2581ca2d",
              "parentUUID": "0bdb3029-c23f-4314-9185-236bf26ce250",
              "isHook": false,
              "skipped": false
            }
          ],
          "suites": [],
          "passes": [
            "852836ad-8341-4939-9f62-596d2581ca2d"
          ],
          "failures": [],
          "pending": [],
          "skipped": [],
          "duration": 187,
          "root": false,
          "rootEmpty": false,
          "_timeout": 2000
        },
        {
          "uuid": "18a2261d-2ee8-402e-8b66-6b906343efff",
          "title": "2 - Adicione à página uma paleta de quatro cores distintas.",
          "fullFile": "",
          "file": "",
          "beforeHooks": [],
          "afterHooks": [],
          "tests": [
            {
              "title": "A paleta de cores deve ser um elemento com `id` denominado `color-palette`",
              "fullTitle": "2 - Adicione à página uma paleta de quatro cores distintas. A paleta de cores deve ser um elemento com `id` denominado `color-palette`",
              "timedOut": null,
              "duration": 66,
              "state": "passed",
              "speed": "medium",
              "pass": true,
              "fail": false,
              "pending": false,
              "context": null,
              "code": "cy.get('#color-palette').should('be.visible');",
              "err": {},
              "uuid": "3f60b839-92ed-47d1-af17-4ff4f42f97da",
              "parentUUID": "18a2261d-2ee8-402e-8b66-6b906343efff",
              "isHook": false,
              "skipped": false
            },
            {
              "title": "Verifica se cada cor individual da paleta de cores possui a `classe` chamada `color`.",
              "fullTitle": "2 - Adicione à página uma paleta de quatro cores distintas. Verifica se cada cor individual da paleta de cores possui a `classe` chamada `color`.",
              "timedOut": null,
              "duration": 126,
              "state": "passed",
              "speed": "slow",
              "pass": true,
              "fail": false,
              "pending": false,
              "context": null,
              "code": "cy.get('.color').should('have.length', 4).then(function (colors) {\n  for (var i = 0; i < colors.length; i++) {\n    cy.wrap(colors[i]).should('be.visible');\n  }\n});",
              "err": {},
              "uuid": "7c94d647-4561-45df-bf73-6e42d8a7b410",
              "parentUUID": "18a2261d-2ee8-402e-8b66-6b906343efff",
              "isHook": false,
              "skipped": false
            },
            {
              "title": "Verifica se a cor de fundo de cada elemento da paleta é a cor que o elemento representa. **A única cor não permitida na paleta é a cor branca.**",
              "fullTitle": "2 - Adicione à página uma paleta de quatro cores distintas. Verifica se a cor de fundo de cada elemento da paleta é a cor que o elemento representa. **A única cor não permitida na paleta é a cor branca.**",
              "timedOut": null,
              "duration": 91,
              "state": "passed",
              "speed": "slow",
              "pass": true,
              "fail": false,
              "pending": false,
              "context": null,
              "code": "cy.get('.color').each(function (color) {\n  cy.wrap(color).should('have.class', 'color').and('not.have.css', 'background-color', WHITE);\n  cy.wrap(color).should('have.css', 'background-color');\n});",
              "err": {},
              "uuid": "6afbf8eb-6f5b-4218-8256-cd7978bceda9",
              "parentUUID": "18a2261d-2ee8-402e-8b66-6b906343efff",
              "isHook": false,
              "skipped": false
            },
            {
              "title": "Verifica se cada elemento da paleta de cores tem uma borda preta, sólida e com 1 pixel de largura;",
              "fullTitle": "2 - Adicione à página uma paleta de quatro cores distintas. Verifica se cada elemento da paleta de cores tem uma borda preta, sólida e com 1 pixel de largura;",
              "timedOut": null,
              "duration": 98,
              "state": "passed",
              "speed": "slow",
              "pass": true,
              "fail": false,
              "pending": false,
              "context": null,
              "code": "cy.get('.color').each(function (color) {\n  cy.wrap(color).and('have.css', 'border', \"1px solid \".concat(BLACK)).and('have.class', 'color');\n});",
              "err": {},
              "uuid": "227a9789-42d8-425b-8c29-19f339b0c2cb",
              "parentUUID": "18a2261d-2ee8-402e-8b66-6b906343efff",
              "isHook": false,
              "skipped": false
            },
            {
              "title": "Verifica se a paleta lista todas as cores disponíveis para utilização, lado a lado.",
              "fullTitle": "2 - Adicione à página uma paleta de quatro cores distintas. Verifica se a paleta lista todas as cores disponíveis para utilização, lado a lado.",
              "timedOut": null,
              "duration": 89,
              "state": "passed",
              "speed": "slow",
              "pass": true,
              "fail": false,
              "pending": false,
              "context": null,
              "code": "cy.get('.color').then(function (colors) {\n  for (var index = 1; index < colors.length; index += 1) {\n    var currentColor = colors[index];\n    var previousColor = colors[index - 1];\n    cy.wrap(currentColor).should('be.onTheRightOf', previousColor).and('be.horizontallyAlignedWith', previousColor);\n  }\n});",
              "err": {},
              "uuid": "5e4ad852-0325-4691-b812-f61a5766b13a",
              "parentUUID": "18a2261d-2ee8-402e-8b66-6b906343efff",
              "isHook": false,
              "skipped": false
            },
            {
              "title": "Verifica se a paleta de cores está posicionada abaixo do título 'Paleta de Cores'",
              "fullTitle": "2 - Adicione à página uma paleta de quatro cores distintas. Verifica se a paleta de cores está posicionada abaixo do título 'Paleta de Cores'",
              "timedOut": null,
              "duration": 82,
              "state": "passed",
              "speed": "slow",
              "pass": true,
              "fail": false,
              "pending": false,
              "context": null,
              "code": "cy.get('h1#title').then(function (title) {\n  cy.get('#color-palette').should('be.belowOf', title);\n});",
              "err": {},
              "uuid": "b459a624-fb81-4e0a-9152-26d3070cbb50",
              "parentUUID": "18a2261d-2ee8-402e-8b66-6b906343efff",
              "isHook": false,
              "skipped": false
            },
            {
              "title": "Verifica se a paleta de cores não contém cores repetidas.",
              "fullTitle": "2 - Adicione à página uma paleta de quatro cores distintas. Verifica se a paleta de cores não contém cores repetidas.",
              "timedOut": null,
              "duration": 109,
              "state": "passed",
              "speed": "slow",
              "pass": true,
              "fail": false,
              "pending": false,
              "context": null,
              "code": "cy.get('.color').then(function (colors) {\n  var allColors = Array.from(colors).map(function (color) {\n    return Cypress.$(color).css('background-color');\n  });\n  cy.log(allColors);\n  var uniqColors = (0, _toConsumableArray2[\"default\"])(new Set(allColors));\n  cy.log(uniqColors);\n  expect(allColors.length).to.eq(uniqColors.length);\n});",
              "err": {},
              "uuid": "0133a2d3-5b1f-470a-b451-8b6b1026a28f",
              "parentUUID": "18a2261d-2ee8-402e-8b66-6b906343efff",
              "isHook": false,
              "skipped": false
            }
          ],
          "suites": [],
          "passes": [
            "3f60b839-92ed-47d1-af17-4ff4f42f97da",
            "7c94d647-4561-45df-bf73-6e42d8a7b410",
            "6afbf8eb-6f5b-4218-8256-cd7978bceda9",
            "227a9789-42d8-425b-8c29-19f339b0c2cb",
            "5e4ad852-0325-4691-b812-f61a5766b13a",
            "b459a624-fb81-4e0a-9152-26d3070cbb50",
            "0133a2d3-5b1f-470a-b451-8b6b1026a28f"
          ],
          "failures": [],
          "pending": [],
          "skipped": [],
          "duration": 661,
          "root": false,
          "rootEmpty": false,
          "_timeout": 2000
        },
        {
          "uuid": "6da48bca-6230-4cfc-823b-b71fb588d7d0",
          "title": "3 - Adicione a cor **preta** como a primeira cor da paleta de cores.",
          "fullFile": "",
          "file": "",
          "beforeHooks": [],
          "afterHooks": [],
          "tests": [
            {
              "title": "Verifica se a primeira cor da paleta é preta",
              "fullTitle": "3 - Adicione a cor **preta** como a primeira cor da paleta de cores. Verifica se a primeira cor da paleta é preta",
              "timedOut": null,
              "duration": 71,
              "state": "passed",
              "speed": "medium",
              "pass": true,
              "fail": false,
              "pending": false,
              "context": null,
              "code": "cy.get('.color').first().should('have.css', 'background-color', BLACK);",
              "err": {},
              "uuid": "cf3be57b-6d49-4086-880b-7bf4c2d5eca2",
              "parentUUID": "6da48bca-6230-4cfc-823b-b71fb588d7d0",
              "isHook": false,
              "skipped": false
            },
            {
              "title": "Verifica se as demais cores podem ser escolhidas livremente.",
              "fullTitle": "3 - Adicione a cor **preta** como a primeira cor da paleta de cores. Verifica se as demais cores podem ser escolhidas livremente.",
              "timedOut": null,
              "duration": 120,
              "state": "passed",
              "speed": "slow",
              "pass": true,
              "fail": false,
              "pending": false,
              "context": null,
              "code": "cy.get('.color').eq(1).should('not.have.css', 'background-color', BLACK);\ncy.get('.color').eq(1).should('not.have.css', 'background-color', WHITE);\ncy.get('.color').eq(1).should('not.have.css', 'background-color', 'rgba(0, 0, 0, 0)');\ncy.get('.color').eq(1).should('have.css', 'background-color');\ncy.get('.color').eq(2).should('not.have.css', 'background-color', BLACK);\ncy.get('.color').eq(2).should('not.have.css', 'background-color', WHITE);\ncy.get('.color').eq(2).should('not.have.css', 'background-color', 'rgba(0, 0, 0, 0)');\ncy.get('.color').eq(2).should('have.css', 'background-color');\ncy.get('.color').eq(3).should('not.have.css', 'background-color', BLACK);\ncy.get('.color').eq(3).should('not.have.css', 'background-color', WHITE);\ncy.get('.color').eq(3).should('not.have.css', 'background-color', 'rgba(0, 0, 0, 0)');\ncy.get('.color').eq(3).should('have.css', 'background-color');",
              "err": {},
              "uuid": "b2244244-1576-4f46-a344-c6a3c9c0f67a",
              "parentUUID": "6da48bca-6230-4cfc-823b-b71fb588d7d0",
              "isHook": false,
              "skipped": false
            }
          ],
          "suites": [],
          "passes": [
            "cf3be57b-6d49-4086-880b-7bf4c2d5eca2",
            "b2244244-1576-4f46-a344-c6a3c9c0f67a"
          ],
          "failures": [],
          "pending": [],
          "skipped": [],
          "duration": 191,
          "root": false,
          "rootEmpty": false,
          "_timeout": 2000
        },
        {
          "uuid": "c3850949-97ef-45de-9f63-d22fc8ca76aa",
          "title": "4 - Adicione à página um quadro de pixels, com 25 pixels.",
          "fullFile": "",
          "file": "",
          "beforeHooks": [],
          "afterHooks": [],
          "tests": [
            {
              "title": "Verifica se o quadro de pixels possui o `id` denominado `pixel-board`",
              "fullTitle": "4 - Adicione à página um quadro de pixels, com 25 pixels. Verifica se o quadro de pixels possui o `id` denominado `pixel-board`",
              "timedOut": null,
              "duration": 103,
              "state": "passed",
              "speed": "slow",
              "pass": true,
              "fail": false,
              "pending": false,
              "context": null,
              "code": "cy.get('#pixel-board').should('be.visible');",
              "err": {},
              "uuid": "8566d697-049d-4c02-a198-c2046fc25a73",
              "parentUUID": "c3850949-97ef-45de-9f63-d22fc8ca76aa",
              "isHook": false,
              "skipped": false
            },
            {
              "title": "Verifica se cada pixel individual dentro do quadro possui a `classe` denominada `pixel`.",
              "fullTitle": "4 - Adicione à página um quadro de pixels, com 25 pixels. Verifica se cada pixel individual dentro do quadro possui a `classe` denominada `pixel`.",
              "timedOut": null,
              "duration": 81,
              "state": "passed",
              "speed": "slow",
              "pass": true,
              "fail": false,
              "pending": false,
              "context": null,
              "code": "cy.get('.pixel').should('have.length', 25);",
              "err": {},
              "uuid": "8f9db913-8710-4ea2-9087-7dfa522ddd49",
              "parentUUID": "c3850949-97ef-45de-9f63-d22fc8ca76aa",
              "isHook": false,
              "skipped": false
            },
            {
              "title": "Verifica se a cor inicial dos pixels dentro do quadro, ao abrir a página, é branca.",
              "fullTitle": "4 - Adicione à página um quadro de pixels, com 25 pixels. Verifica se a cor inicial dos pixels dentro do quadro, ao abrir a página, é branca.",
              "timedOut": null,
              "duration": 114,
              "state": "passed",
              "speed": "slow",
              "pass": true,
              "fail": false,
              "pending": false,
              "context": null,
              "code": "cy.get('.pixel').should('have.length', 25).each(function (pixel) {\n  expect(pixel).to.have.css('background-color', WHITE);\n});",
              "err": {},
              "uuid": "0daa9c9a-e260-43a7-8456-eb839cebcc1f",
              "parentUUID": "c3850949-97ef-45de-9f63-d22fc8ca76aa",
              "isHook": false,
              "skipped": false
            },
            {
              "title": "Verifica se o quadro de pixels aparece abaixo da paleta de cores",
              "fullTitle": "4 - Adicione à página um quadro de pixels, com 25 pixels. Verifica se o quadro de pixels aparece abaixo da paleta de cores",
              "timedOut": null,
              "duration": 79,
              "state": "passed",
              "speed": "slow",
              "pass": true,
              "fail": false,
              "pending": false,
              "context": null,
              "code": "cy.get('#color-palette').then(function (palette) {\n  cy.get('#pixel-board').should('be.belowOf', palette);\n});",
              "err": {},
              "uuid": "bdbccbb8-a5bc-4673-a12e-bdc137b109f2",
              "parentUUID": "c3850949-97ef-45de-9f63-d22fc8ca76aa",
              "isHook": false,
              "skipped": false
            }
          ],
          "suites": [],
          "passes": [
            "8566d697-049d-4c02-a198-c2046fc25a73",
            "8f9db913-8710-4ea2-9087-7dfa522ddd49",
            "0daa9c9a-e260-43a7-8456-eb839cebcc1f",
            "bdbccbb8-a5bc-4673-a12e-bdc137b109f2"
          ],
          "failures": [],
          "pending": [],
          "skipped": [],
          "duration": 377,
          "root": false,
          "rootEmpty": false,
          "_timeout": 2000
        },
        {
          "uuid": "34025a2a-0cbf-4bbf-8d6f-3b56435a8e22",
          "title": "5 - Faça com que cada elemento do quadro de pixels possua 40 pixels de largura, 40 pixels de altura e seja delimitado por uma borda preta de 1 pixel.",
          "fullFile": "",
          "file": "",
          "beforeHooks": [],
          "afterHooks": [],
          "tests": [
            {
              "title": "Verifica se o quadro de pixels tem altura e comprimento de 5 elementos",
              "fullTitle": "5 - Faça com que cada elemento do quadro de pixels possua 40 pixels de largura, 40 pixels de altura e seja delimitado por uma borda preta de 1 pixel. Verifica se o quadro de pixels tem altura e comprimento de 5 elementos",
              "timedOut": null,
              "duration": 195,
              "state": "passed",
              "speed": "slow",
              "pass": true,
              "fail": false,
              "pending": false,
              "context": null,
              "code": "cy.get('.pixel').should('have.length', 25).each(function (pixel) {\n  expect(pixel).to.have.css('background-color', WHITE);\n}).and(function (pixels) {\n  var rows = chunk(pixels, 5);\n  rows.forEach(function (row) {\n    for (var index = 1; index < row.length; index += 1) {\n      var current = pixels[index];\n      var previous = pixels[index - 1];\n      cy.wrap(current).should('be.onTheRightOf', previous).and('be.horizontallyAlignedWith', previous);\n    }\n  });\n  for (var index = 1; index < 5; index += 1) {\n    expect(pixels[index * 5]).to.be.belowOf(pixels[(index - 1) * 5]);\n  }\n});",
              "err": {},
              "uuid": "aaf304e6-6fbf-4f66-bda3-ae2faf6819de",
              "parentUUID": "34025a2a-0cbf-4bbf-8d6f-3b56435a8e22",
              "isHook": false,
              "skipped": false
            },
            {
              "title": "Verifica se 40 pixels é o tamanho total do elemento, incluindo seu conteúdo e excluindo a borda preta, que deve ser criada à parte.",
              "fullTitle": "5 - Faça com que cada elemento do quadro de pixels possua 40 pixels de largura, 40 pixels de altura e seja delimitado por uma borda preta de 1 pixel. Verifica se 40 pixels é o tamanho total do elemento, incluindo seu conteúdo e excluindo a borda preta, que deve ser criada à parte.",
              "timedOut": null,
              "duration": 195,
              "state": "passed",
              "speed": "slow",
              "pass": true,
              "fail": false,
              "pending": false,
              "context": null,
              "code": "cy.get('.pixel').each(function (pixel) {\n  cy.wrap(pixel).should('have.css', 'height', '40px').and('have.css', 'width', '40px').and('have.css', 'border', \"1px solid \".concat(BLACK));\n});",
              "err": {},
              "uuid": "6a7b41c3-39ca-4fdf-9557-24238eb6e8e7",
              "parentUUID": "34025a2a-0cbf-4bbf-8d6f-3b56435a8e22",
              "isHook": false,
              "skipped": false
            }
          ],
          "suites": [],
          "passes": [
            "aaf304e6-6fbf-4f66-bda3-ae2faf6819de",
            "6a7b41c3-39ca-4fdf-9557-24238eb6e8e7"
          ],
          "failures": [],
          "pending": [],
          "skipped": [],
          "duration": 390,
          "root": false,
          "rootEmpty": false,
          "_timeout": 2000
        },
        {
          "uuid": "a9f6d54b-4ee0-440d-bdec-c1e03df8b7ff",
          "title": "6 - Defina a cor preta como cor inicial. Ao carregar a página a cor preta já deve estar selecionada para pintar os pixels",
          "fullFile": "",
          "file": "",
          "beforeHooks": [],
          "afterHooks": [],
          "tests": [
            {
              "title": "Verifica se o elemento da cor preta possui, inicialmente, a `classe` `selected`",
              "fullTitle": "6 - Defina a cor preta como cor inicial. Ao carregar a página a cor preta já deve estar selecionada para pintar os pixels Verifica se o elemento da cor preta possui, inicialmente, a `classe` `selected`",
              "timedOut": null,
              "duration": 67,
              "state": "passed",
              "speed": "medium",
              "pass": true,
              "fail": false,
              "pending": false,
              "context": null,
              "code": "cy.get('.selected').first().should('have.css', 'background-color', BLACK);",
              "err": {},
              "uuid": "c32130d5-6473-49b1-9c5b-9aed53d9d49f",
              "parentUUID": "a9f6d54b-4ee0-440d-bdec-c1e03df8b7ff",
              "isHook": false,
              "skipped": false
            },
            {
              "title": "Verifica se nenhuma outra cor da paleta tem a `classe` `selected`",
              "fullTitle": "6 - Defina a cor preta como cor inicial. Ao carregar a página a cor preta já deve estar selecionada para pintar os pixels Verifica se nenhuma outra cor da paleta tem a `classe` `selected`",
              "timedOut": null,
              "duration": 81,
              "state": "passed",
              "speed": "slow",
              "pass": true,
              "fail": false,
              "pending": false,
              "context": null,
              "code": "cy.get('.color:not(:first-child)').each(function (color) {\n  cy.wrap(color).should('not.have.class', 'selected');\n});",
              "err": {},
              "uuid": "b439cd97-1def-4d39-b831-a800ad6d73a9",
              "parentUUID": "a9f6d54b-4ee0-440d-bdec-c1e03df8b7ff",
              "isHook": false,
              "skipped": false
            }
          ],
          "suites": [],
          "passes": [
            "c32130d5-6473-49b1-9c5b-9aed53d9d49f",
            "b439cd97-1def-4d39-b831-a800ad6d73a9"
          ],
          "failures": [],
          "pending": [],
          "skipped": [],
          "duration": 148,
          "root": false,
          "rootEmpty": false,
          "_timeout": 2000
        },
        {
          "uuid": "4c035271-adc5-4886-b5b8-620793067e0a",
          "title": "7 - Clicar em uma das cores da paleta, faz com que ela seja selecionada e utilizada para preencher os pixels no quadro.",
          "fullFile": "",
          "file": "",
          "beforeHooks": [],
          "afterHooks": [],
          "tests": [
            {
              "title": "Verifica se somente uma cor da paleta de cores tem a classe `selected` de cada vez",
              "fullTitle": "7 - Clicar em uma das cores da paleta, faz com que ela seja selecionada e utilizada para preencher os pixels no quadro. Verifica se somente uma cor da paleta de cores tem a classe `selected` de cada vez",
              "timedOut": null,
              "duration": 445,
              "state": "passed",
              "speed": "slow",
              "pass": true,
              "fail": false,
              "pending": false,
              "context": null,
              "code": "cy.get('.color').each(function (selectedColor, selectedColorIndex) {\n  cy.wrap(selectedColor).click();\n  cy.get('.color').each(function (color, colorIndex) {\n    if (colorIndex === selectedColorIndex) {\n      expect(color).to.have[\"class\"]('selected');\n    } else {\n      expect(color).not.to.have[\"class\"]('selected');\n    }\n  });\n});",
              "err": {},
              "uuid": "5e87abe0-1623-4469-be0c-77c8d98130d8",
              "parentUUID": "4c035271-adc5-4886-b5b8-620793067e0a",
              "isHook": false,
              "skipped": false
            },
            {
              "title": "Verifica se os pixels dentro do quadro não têm a classe `selected` quando são clicados",
              "fullTitle": "7 - Clicar em uma das cores da paleta, faz com que ela seja selecionada e utilizada para preencher os pixels no quadro. Verifica se os pixels dentro do quadro não têm a classe `selected` quando são clicados",
              "timedOut": null,
              "duration": 9104,
              "state": "passed",
              "speed": "slow",
              "pass": true,
              "fail": false,
              "pending": false,
              "context": null,
              "code": "cy.get('.color').each(function (color) {\n  var backgroundColor = color.css('background-color');\n  cy.wrap(color).click();\n  cy.get('.pixel').each(function (pixel) {\n    cy.wrap(pixel).click().should('not.have.class', 'selected');\n  });\n});",
              "err": {},
              "uuid": "78864411-cc24-4584-8c2d-aedf5db164de",
              "parentUUID": "4c035271-adc5-4886-b5b8-620793067e0a",
              "isHook": false,
              "skipped": false
            }
          ],
          "suites": [],
          "passes": [
            "5e87abe0-1623-4469-be0c-77c8d98130d8",
            "78864411-cc24-4584-8c2d-aedf5db164de"
          ],
          "failures": [],
          "pending": [],
          "skipped": [],
          "duration": 9549,
          "root": false,
          "rootEmpty": false,
          "_timeout": 2000
        },
        {
          "uuid": "153d2eab-4884-471f-8ece-84a368ef2a27",
          "title": "8 - Clicar em um pixel dentro do quadro após selecionar uma cor na paleta, faz com que o pixel seja preenchido com a cor selecionada.",
          "fullFile": "",
          "file": "",
          "beforeHooks": [],
          "afterHooks": [],
          "tests": [
            {
              "title": "Verifica se ao carregar a página deve ser possível pintar os pixels de preto",
              "fullTitle": "8 - Clicar em um pixel dentro do quadro após selecionar uma cor na paleta, faz com que o pixel seja preenchido com a cor selecionada. Verifica se ao carregar a página deve ser possível pintar os pixels de preto",
              "timedOut": null,
              "duration": 4290,
              "state": "failed",
              "speed": null,
              "pass": false,
              "fail": true,
              "pending": false,
              "context": null,
              "code": "cy.get('.pixel').each(function (pixel) {\n  cy.wrap(pixel).click().should('have.css', 'background-color', BLACK);\n});",
              "err": {
                "message": "CypressError: Timed out retrying: expected '<div.pixel>' to have CSS property 'background-color' with the value 'rgb(0, 0, 0)', but the value was 'rgb(255, 255, 255)'",
                "estack": "CypressError: Timed out retrying: expected '<div.pixel>' to have CSS property 'background-color' with the value 'rgb(0, 0, 0)', but the value was 'rgb(255, 255, 255)'\n    at cypressErr (http://localhost:33929/__cypress/runner/cypress_runner.js:149934:9)\n    at throwErr (http://localhost:33929/__cypress/runner/cypress_runner.js:149867:11)\n    at Object.throwErrByPath (http://localhost:33929/__cypress/runner/cypress_runner.js:149915:3)\n    at retry (http://localhost:33929/__cypress/runner/cypress_runner.js:144197:19)\n    at onFailFn (http://localhost:33929/__cypress/runner/cypress_runner.js:132448:16)\n    at tryCatcher (http://localhost:33929/__cypress/runner/cypress_runner.js:167415:23)\n    at Promise._settlePromiseFromHandler (http://localhost:33929/__cypress/runner/cypress_runner.js:165351:31)\n    at Promise._settlePromise (http://localhost:33929/__cypress/runner/cypress_runner.js:165408:18)\n    at Promise._settlePromise0 (http://localhost:33929/__cypress/runner/cypress_runner.js:165453:10)\n    at Promise._settlePromises (http://localhost:33929/__cypress/runner/cypress_runner.js:165528:18)\n    at Async../node_modules/bluebird/js/release/async.js.Async._drainQueue (http://localhost:33929/__cypress/runner/cypress_runner.js:162140:16)\n    at Async../node_modules/bluebird/js/release/async.js.Async._drainQueues (http://localhost:33929/__cypress/runner/cypress_runner.js:162150:10)\n    at Async.drainQueues (http://localhost:33929/__cypress/runner/cypress_runner.js:162024:14)",
                "diff": null
              },
              "uuid": "d460cc89-7e73-4ba0-813c-673aae1fef97",
              "parentUUID": "153d2eab-4884-471f-8ece-84a368ef2a27",
              "isHook": false,
              "skipped": false
            },
            {
              "title": "Verifica se após selecionar uma outra cor na paleta, é possível pintar os pixels com essa cor",
              "fullTitle": "8 - Clicar em um pixel dentro do quadro após selecionar uma cor na paleta, faz com que o pixel seja preenchido com a cor selecionada. Verifica se após selecionar uma outra cor na paleta, é possível pintar os pixels com essa cor",
              "timedOut": null,
              "duration": 4350,
              "state": "failed",
              "speed": null,
              "pass": false,
              "fail": true,
              "pending": false,
              "context": null,
              "code": "cy.get('.color').each(function (color) {\n  var backgroundColor = color.css('background-color');\n  cy.wrap(color).click();\n  cy.get('.pixel').each(function (pixel) {\n    cy.wrap(pixel).click().should('have.css', 'background-color', backgroundColor);\n  });\n});",
              "err": {
                "message": "CypressError: Timed out retrying: expected '<div.pixel>' to have CSS property 'background-color' with the value 'rgb(0, 0, 0)', but the value was 'rgb(255, 255, 255)'",
                "estack": "CypressError: Timed out retrying: expected '<div.pixel>' to have CSS property 'background-color' with the value 'rgb(0, 0, 0)', but the value was 'rgb(255, 255, 255)'\n    at cypressErr (http://localhost:33929/__cypress/runner/cypress_runner.js:149934:9)\n    at throwErr (http://localhost:33929/__cypress/runner/cypress_runner.js:149867:11)\n    at Object.throwErrByPath (http://localhost:33929/__cypress/runner/cypress_runner.js:149915:3)\n    at retry (http://localhost:33929/__cypress/runner/cypress_runner.js:144197:19)\n    at onFailFn (http://localhost:33929/__cypress/runner/cypress_runner.js:132448:16)\n    at tryCatcher (http://localhost:33929/__cypress/runner/cypress_runner.js:167415:23)\n    at Promise._settlePromiseFromHandler (http://localhost:33929/__cypress/runner/cypress_runner.js:165351:31)\n    at Promise._settlePromise (http://localhost:33929/__cypress/runner/cypress_runner.js:165408:18)\n    at Promise._settlePromise0 (http://localhost:33929/__cypress/runner/cypress_runner.js:165453:10)\n    at Promise._settlePromises (http://localhost:33929/__cypress/runner/cypress_runner.js:165528:18)\n    at Async../node_modules/bluebird/js/release/async.js.Async._drainQueue (http://localhost:33929/__cypress/runner/cypress_runner.js:162140:16)\n    at Async../node_modules/bluebird/js/release/async.js.Async._drainQueues (http://localhost:33929/__cypress/runner/cypress_runner.js:162150:10)\n    at Async.drainQueues (http://localhost:33929/__cypress/runner/cypress_runner.js:162024:14)",
                "diff": null
              },
              "uuid": "2cd08c78-3cd0-467c-9be4-803474915d42",
              "parentUUID": "153d2eab-4884-471f-8ece-84a368ef2a27",
              "isHook": false,
              "skipped": false
            },
            {
              "title": "Verifica se somente o pixel que foi clicado foi preenchido com a cor selecionada, sem influenciar na cor dos demais pixels.",
              "fullTitle": "8 - Clicar em um pixel dentro do quadro após selecionar uma cor na paleta, faz com que o pixel seja preenchido com a cor selecionada. Verifica se somente o pixel que foi clicado foi preenchido com a cor selecionada, sem influenciar na cor dos demais pixels.",
              "timedOut": null,
              "duration": 1176,
              "state": "passed",
              "speed": "slow",
              "pass": true,
              "fail": false,
              "pending": false,
              "context": null,
              "code": "var colorToPixelIndexMap = {\n  0: 6,\n  1: 8,\n  2: 16,\n  3: 18\n};\ncy.get('.color').each(function (color, index) {\n  cy.wrap(color).click();\n  var backgroundColor = color.css('background-color');\n  var clickedPixelIndex = colorToPixelIndexMap[index];\n  cy.get('.pixel').eq(clickedPixelIndex).click();\n  cy.get('.pixel').eq(clickedPixelIndex - 1).should('not.have.css', 'background-color', backgroundColor);\n  cy.get('.pixel').eq(clickedPixelIndex + 1).should('not.have.css', 'background-color', backgroundColor);\n  cy.get('.pixel').eq(clickedPixelIndex - 5).should('not.have.css', 'background-color', backgroundColor);\n  cy.get('.pixel').eq(clickedPixelIndex + 5).should('not.have.css', 'background-color', backgroundColor);\n  cy.get('.pixel').eq(clickedPixelIndex - 6).should('not.have.css', 'background-color', backgroundColor);\n  cy.get('.pixel').eq(clickedPixelIndex - 4).should('not.have.css', 'background-color', backgroundColor);\n  cy.get('.pixel').eq(clickedPixelIndex + 4).should('not.have.css', 'background-color', backgroundColor);\n  cy.get('.pixel').eq(clickedPixelIndex + 6).should('not.have.css', 'background-color', backgroundColor);\n});",
              "err": {},
              "uuid": "da1100c7-814b-44ce-8e64-3ace0c07da35",
              "parentUUID": "153d2eab-4884-471f-8ece-84a368ef2a27",
              "isHook": false,
              "skipped": false
            }
          ],
          "suites": [],
          "passes": [
            "da1100c7-814b-44ce-8e64-3ace0c07da35"
          ],
          "failures": [
            "d460cc89-7e73-4ba0-813c-673aae1fef97",
            "2cd08c78-3cd0-467c-9be4-803474915d42"
          ],
          "pending": [],
          "skipped": [],
          "duration": 9816,
          "root": false,
          "rootEmpty": false,
          "_timeout": 2000
        },
        {
          "uuid": "edb9dd90-3423-47c4-be96-7785474764f8",
          "title": "9 - Crie um botão que, ao ser clicado, limpa o quadro preenchendo a cor de todos seus pixels com branco.",
          "fullFile": "",
          "file": "",
          "beforeHooks": [],
          "afterHooks": [],
          "tests": [
            {
              "title": "Verifica se o botão tem o `id` denominado `clear-board`",
              "fullTitle": "9 - Crie um botão que, ao ser clicado, limpa o quadro preenchendo a cor de todos seus pixels com branco. Verifica se o botão tem o `id` denominado `clear-board`",
              "timedOut": null,
              "duration": 4271,
              "state": "failed",
              "speed": null,
              "pass": false,
              "fail": true,
              "pending": false,
              "context": null,
              "code": "cy.get('#clear-board').should('be.visible');",
              "err": {
                "message": "CypressError: Timed out retrying: Expected to find element: '#clear-board', but never found it.",
                "estack": "CypressError: Timed out retrying: Expected to find element: '#clear-board', but never found it.\n    at cypressErr (http://localhost:33929/__cypress/runner/cypress_runner.js:149934:9)\n    at throwErr (http://localhost:33929/__cypress/runner/cypress_runner.js:149867:11)\n    at Object.throwErrByPath (http://localhost:33929/__cypress/runner/cypress_runner.js:149915:3)\n    at retry (http://localhost:33929/__cypress/runner/cypress_runner.js:144197:19)\n    at onFailFn (http://localhost:33929/__cypress/runner/cypress_runner.js:132448:16)\n    at tryCatcher (http://localhost:33929/__cypress/runner/cypress_runner.js:167415:23)\n    at Promise._settlePromiseFromHandler (http://localhost:33929/__cypress/runner/cypress_runner.js:165351:31)\n    at Promise._settlePromise (http://localhost:33929/__cypress/runner/cypress_runner.js:165408:18)\n    at Promise._settlePromise0 (http://localhost:33929/__cypress/runner/cypress_runner.js:165453:10)\n    at Promise._settlePromises (http://localhost:33929/__cypress/runner/cypress_runner.js:165528:18)\n    at Async../node_modules/bluebird/js/release/async.js.Async._drainQueue (http://localhost:33929/__cypress/runner/cypress_runner.js:162140:16)\n    at Async../node_modules/bluebird/js/release/async.js.Async._drainQueues (http://localhost:33929/__cypress/runner/cypress_runner.js:162150:10)\n    at Async.drainQueues (http://localhost:33929/__cypress/runner/cypress_runner.js:162024:14)",
                "diff": null
              },
              "uuid": "6213e4f3-6c79-4f26-aed0-e1f81987bddd",
              "parentUUID": "edb9dd90-3423-47c4-be96-7785474764f8",
              "isHook": false,
              "skipped": false
            },
            {
              "title": "Verifica se o botão está posicionado entre a paleta de cores e o quadro de pixels",
              "fullTitle": "9 - Crie um botão que, ao ser clicado, limpa o quadro preenchendo a cor de todos seus pixels com branco. Verifica se o botão está posicionado entre a paleta de cores e o quadro de pixels",
              "timedOut": null,
              "duration": 4239,
              "state": "failed",
              "speed": null,
              "pass": false,
              "fail": true,
              "pending": false,
              "context": null,
              "code": "cy.get('#color-palette').then(function (palette) {\n  cy.get('#clear-board').should('be.belowOf', palette);\n});\ncy.get('#clear-board').then(function (clearBtn) {\n  cy.get('#pixel-board').should('be.belowOf', clearBtn);\n});",
              "err": {
                "message": "CypressError: Timed out retrying: Expected to find element: '#clear-board', but never found it.",
                "estack": "CypressError: Timed out retrying: Expected to find element: '#clear-board', but never found it.\n    at cypressErr (http://localhost:33929/__cypress/runner/cypress_runner.js:149934:9)\n    at throwErr (http://localhost:33929/__cypress/runner/cypress_runner.js:149867:11)\n    at Object.throwErrByPath (http://localhost:33929/__cypress/runner/cypress_runner.js:149915:3)\n    at retry (http://localhost:33929/__cypress/runner/cypress_runner.js:144197:19)\n    at onFailFn (http://localhost:33929/__cypress/runner/cypress_runner.js:132448:16)\n    at tryCatcher (http://localhost:33929/__cypress/runner/cypress_runner.js:167415:23)\n    at Promise._settlePromiseFromHandler (http://localhost:33929/__cypress/runner/cypress_runner.js:165351:31)\n    at Promise._settlePromise (http://localhost:33929/__cypress/runner/cypress_runner.js:165408:18)\n    at Promise._settlePromise0 (http://localhost:33929/__cypress/runner/cypress_runner.js:165453:10)\n    at Promise._settlePromises (http://localhost:33929/__cypress/runner/cypress_runner.js:165528:18)\n    at Async../node_modules/bluebird/js/release/async.js.Async._drainQueue (http://localhost:33929/__cypress/runner/cypress_runner.js:162140:16)\n    at Async../node_modules/bluebird/js/release/async.js.Async._drainQueues (http://localhost:33929/__cypress/runner/cypress_runner.js:162150:10)\n    at Async.drainQueues (http://localhost:33929/__cypress/runner/cypress_runner.js:162024:14)",
                "diff": null
              },
              "uuid": "f2067b25-44ef-46ab-94db-5535890eceee",
              "parentUUID": "edb9dd90-3423-47c4-be96-7785474764f8",
              "isHook": false,
              "skipped": false
            },
            {
              "title": "Verifica se o texto do botão é 'Limpar'",
              "fullTitle": "9 - Crie um botão que, ao ser clicado, limpa o quadro preenchendo a cor de todos seus pixels com branco. Verifica se o texto do botão é 'Limpar'",
              "timedOut": null,
              "duration": 4255,
              "state": "failed",
              "speed": null,
              "pass": false,
              "fail": true,
              "pending": false,
              "context": null,
              "code": "cy.get('#clear-board').should('contain.text', 'Limpar');",
              "err": {
                "message": "CypressError: Timed out retrying: Expected to find element: '#clear-board', but never found it.",
                "estack": "CypressError: Timed out retrying: Expected to find element: '#clear-board', but never found it.\n    at cypressErr (http://localhost:33929/__cypress/runner/cypress_runner.js:149934:9)\n    at throwErr (http://localhost:33929/__cypress/runner/cypress_runner.js:149867:11)\n    at Object.throwErrByPath (http://localhost:33929/__cypress/runner/cypress_runner.js:149915:3)\n    at retry (http://localhost:33929/__cypress/runner/cypress_runner.js:144197:19)\n    at onFailFn (http://localhost:33929/__cypress/runner/cypress_runner.js:132448:16)\n    at tryCatcher (http://localhost:33929/__cypress/runner/cypress_runner.js:167415:23)\n    at Promise._settlePromiseFromHandler (http://localhost:33929/__cypress/runner/cypress_runner.js:165351:31)\n    at Promise._settlePromise (http://localhost:33929/__cypress/runner/cypress_runner.js:165408:18)\n    at Promise._settlePromise0 (http://localhost:33929/__cypress/runner/cypress_runner.js:165453:10)\n    at Promise._settlePromises (http://localhost:33929/__cypress/runner/cypress_runner.js:165528:18)\n    at Async../node_modules/bluebird/js/release/async.js.Async._drainQueue (http://localhost:33929/__cypress/runner/cypress_runner.js:162140:16)\n    at Async../node_modules/bluebird/js/release/async.js.Async._drainQueues (http://localhost:33929/__cypress/runner/cypress_runner.js:162150:10)\n    at Async.drainQueues (http://localhost:33929/__cypress/runner/cypress_runner.js:162024:14)",
                "diff": null
              },
              "uuid": "89f61e25-4896-4815-8a13-3d9a5f877011",
              "parentUUID": "edb9dd90-3423-47c4-be96-7785474764f8",
              "isHook": false,
              "skipped": false
            },
            {
              "title": "Verifica se ao clicar no botão, o quadro de pixels é totalmente preenchido de branco",
              "fullTitle": "9 - Crie um botão que, ao ser clicado, limpa o quadro preenchendo a cor de todos seus pixels com branco. Verifica se ao clicar no botão, o quadro de pixels é totalmente preenchido de branco",
              "timedOut": null,
              "duration": 4465,
              "state": "failed",
              "speed": null,
              "pass": false,
              "fail": true,
              "pending": false,
              "context": null,
              "code": "cy.get('.color').eq(1).then(function (color) {\n  var backgroundColor = color.css('background-color');\n  cy.wrap(color).click();\n  cy.get('.pixel').each(function (pixel) {\n    cy.wrap(pixel).click().should('have.css', 'background-color', backgroundColor);\n  });\n});\ncy.get('#clear-board').click();\ncy.get('.pixel').each(function (pixel) {\n  cy.wrap(pixel).should('have.css', 'background-color', WHITE);\n});",
              "err": {
                "message": "CypressError: Timed out retrying: expected '<div.pixel>' to have CSS property 'background-color' with the value 'rgb(125, 244, 68)', but the value was 'rgb(255, 255, 255)'",
                "estack": "CypressError: Timed out retrying: expected '<div.pixel>' to have CSS property 'background-color' with the value 'rgb(125, 244, 68)', but the value was 'rgb(255, 255, 255)'\n    at cypressErr (http://localhost:33929/__cypress/runner/cypress_runner.js:149934:9)\n    at throwErr (http://localhost:33929/__cypress/runner/cypress_runner.js:149867:11)\n    at Object.throwErrByPath (http://localhost:33929/__cypress/runner/cypress_runner.js:149915:3)\n    at retry (http://localhost:33929/__cypress/runner/cypress_runner.js:144197:19)\n    at onFailFn (http://localhost:33929/__cypress/runner/cypress_runner.js:132448:16)\n    at tryCatcher (http://localhost:33929/__cypress/runner/cypress_runner.js:167415:23)\n    at Promise._settlePromiseFromHandler (http://localhost:33929/__cypress/runner/cypress_runner.js:165351:31)\n    at Promise._settlePromise (http://localhost:33929/__cypress/runner/cypress_runner.js:165408:18)\n    at Promise._settlePromise0 (http://localhost:33929/__cypress/runner/cypress_runner.js:165453:10)\n    at Promise._settlePromises (http://localhost:33929/__cypress/runner/cypress_runner.js:165528:18)\n    at Async../node_modules/bluebird/js/release/async.js.Async._drainQueue (http://localhost:33929/__cypress/runner/cypress_runner.js:162140:16)\n    at Async../node_modules/bluebird/js/release/async.js.Async._drainQueues (http://localhost:33929/__cypress/runner/cypress_runner.js:162150:10)\n    at Async.drainQueues (http://localhost:33929/__cypress/runner/cypress_runner.js:162024:14)",
                "diff": null
              },
              "uuid": "2bf14bf9-597c-4a37-baa0-512358945b01",
              "parentUUID": "edb9dd90-3423-47c4-be96-7785474764f8",
              "isHook": false,
              "skipped": false
            }
          ],
          "suites": [],
          "passes": [],
          "failures": [
            "6213e4f3-6c79-4f26-aed0-e1f81987bddd",
            "f2067b25-44ef-46ab-94db-5535890eceee",
            "89f61e25-4896-4815-8a13-3d9a5f877011",
            "2bf14bf9-597c-4a37-baa0-512358945b01"
          ],
          "pending": [],
          "skipped": [],
          "duration": 17230,
          "root": false,
          "rootEmpty": false,
          "_timeout": 2000
        },
        {
          "uuid": "38842729-ed3a-4d9e-b225-0e158f784f08",
          "title": "10 - Faça o quadro de pixels ter seu tamanho definido pelo usuário.",
          "fullFile": "",
          "file": "",
          "beforeHooks": [],
          "afterHooks": [],
          "tests": [
            {
              "title": "Verifica se existe um input com o id `board-size`",
              "fullTitle": "10 - Faça o quadro de pixels ter seu tamanho definido pelo usuário. Verifica se existe um input com o id `board-size`",
              "timedOut": null,
              "duration": 4254,
              "state": "failed",
              "speed": null,
              "pass": false,
              "fail": true,
              "pending": false,
              "context": null,
              "code": "cy.get('#board-size').should('be.visible');",
              "err": {
                "message": "CypressError: Timed out retrying: Expected to find element: '#board-size', but never found it.",
                "estack": "CypressError: Timed out retrying: Expected to find element: '#board-size', but never found it.\n    at cypressErr (http://localhost:33929/__cypress/runner/cypress_runner.js:149934:9)\n    at throwErr (http://localhost:33929/__cypress/runner/cypress_runner.js:149867:11)\n    at Object.throwErrByPath (http://localhost:33929/__cypress/runner/cypress_runner.js:149915:3)\n    at retry (http://localhost:33929/__cypress/runner/cypress_runner.js:144197:19)\n    at onFailFn (http://localhost:33929/__cypress/runner/cypress_runner.js:132448:16)\n    at tryCatcher (http://localhost:33929/__cypress/runner/cypress_runner.js:167415:23)\n    at Promise._settlePromiseFromHandler (http://localhost:33929/__cypress/runner/cypress_runner.js:165351:31)\n    at Promise._settlePromise (http://localhost:33929/__cypress/runner/cypress_runner.js:165408:18)\n    at Promise._settlePromise0 (http://localhost:33929/__cypress/runner/cypress_runner.js:165453:10)\n    at Promise._settlePromises (http://localhost:33929/__cypress/runner/cypress_runner.js:165528:18)\n    at Async../node_modules/bluebird/js/release/async.js.Async._drainQueue (http://localhost:33929/__cypress/runner/cypress_runner.js:162140:16)\n    at Async../node_modules/bluebird/js/release/async.js.Async._drainQueues (http://localhost:33929/__cypress/runner/cypress_runner.js:162150:10)\n    at Async.drainQueues (http://localhost:33929/__cypress/runner/cypress_runner.js:162024:14)",
                "diff": null
              },
              "uuid": "aab35868-a663-4005-9774-ce9bc1041993",
              "parentUUID": "38842729-ed3a-4d9e-b225-0e158f784f08",
              "isHook": false,
              "skipped": false
            },
            {
              "title": "Verifica se existe um botão com o id `generate-board`",
              "fullTitle": "10 - Faça o quadro de pixels ter seu tamanho definido pelo usuário. Verifica se existe um botão com o id `generate-board`",
              "timedOut": null,
              "duration": 4248,
              "state": "failed",
              "speed": null,
              "pass": false,
              "fail": true,
              "pending": false,
              "context": null,
              "code": "cy.get('#generate-board').should('be.visible');",
              "err": {
                "message": "CypressError: Timed out retrying: Expected to find element: '#generate-board', but never found it.",
                "estack": "CypressError: Timed out retrying: Expected to find element: '#generate-board', but never found it.\n    at cypressErr (http://localhost:33929/__cypress/runner/cypress_runner.js:149934:9)\n    at throwErr (http://localhost:33929/__cypress/runner/cypress_runner.js:149867:11)\n    at Object.throwErrByPath (http://localhost:33929/__cypress/runner/cypress_runner.js:149915:3)\n    at retry (http://localhost:33929/__cypress/runner/cypress_runner.js:144197:19)\n    at onFailFn (http://localhost:33929/__cypress/runner/cypress_runner.js:132448:16)\n    at tryCatcher (http://localhost:33929/__cypress/runner/cypress_runner.js:167415:23)\n    at Promise._settlePromiseFromHandler (http://localhost:33929/__cypress/runner/cypress_runner.js:165351:31)\n    at Promise._settlePromise (http://localhost:33929/__cypress/runner/cypress_runner.js:165408:18)\n    at Promise._settlePromise0 (http://localhost:33929/__cypress/runner/cypress_runner.js:165453:10)\n    at Promise._settlePromises (http://localhost:33929/__cypress/runner/cypress_runner.js:165528:18)\n    at Async../node_modules/bluebird/js/release/async.js.Async._drainQueue (http://localhost:33929/__cypress/runner/cypress_runner.js:162140:16)\n    at Async../node_modules/bluebird/js/release/async.js.Async._drainQueues (http://localhost:33929/__cypress/runner/cypress_runner.js:162150:10)\n    at Async.drainQueues (http://localhost:33929/__cypress/runner/cypress_runner.js:162024:14)",
                "diff": null
              },
              "uuid": "7cd9cd06-c23c-45ba-bf23-2c95b045dbbf",
              "parentUUID": "38842729-ed3a-4d9e-b225-0e158f784f08",
              "isHook": false,
              "skipped": false
            },
            {
              "title": "Verifica se o input só aceita número maiores que zero. Essa restrição deve ser feita usando os atributos do elemento `input`",
              "fullTitle": "10 - Faça o quadro de pixels ter seu tamanho definido pelo usuário. Verifica se o input só aceita número maiores que zero. Essa restrição deve ser feita usando os atributos do elemento `input`",
              "timedOut": null,
              "duration": 4262,
              "state": "failed",
              "speed": null,
              "pass": false,
              "fail": true,
              "pending": false,
              "context": null,
              "code": "cy.get('#board-size[type=\\'number\\'][min=\\'1\\']');",
              "err": {
                "message": "CypressError: Timed out retrying: Expected to find element: '#board-size[type='number'][min='1']', but never found it.",
                "estack": "CypressError: Timed out retrying: Expected to find element: '#board-size[type='number'][min='1']', but never found it.\n    at cypressErr (http://localhost:33929/__cypress/runner/cypress_runner.js:149934:9)\n    at throwErr (http://localhost:33929/__cypress/runner/cypress_runner.js:149867:11)\n    at Object.throwErrByPath (http://localhost:33929/__cypress/runner/cypress_runner.js:149915:3)\n    at retry (http://localhost:33929/__cypress/runner/cypress_runner.js:144197:19)\n    at onFailFn (http://localhost:33929/__cypress/runner/cypress_runner.js:132448:16)\n    at tryCatcher (http://localhost:33929/__cypress/runner/cypress_runner.js:167415:23)\n    at Promise._settlePromiseFromHandler (http://localhost:33929/__cypress/runner/cypress_runner.js:165351:31)\n    at Promise._settlePromise (http://localhost:33929/__cypress/runner/cypress_runner.js:165408:18)\n    at Promise._settlePromise0 (http://localhost:33929/__cypress/runner/cypress_runner.js:165453:10)\n    at Promise._settlePromises (http://localhost:33929/__cypress/runner/cypress_runner.js:165528:18)\n    at Async../node_modules/bluebird/js/release/async.js.Async._drainQueue (http://localhost:33929/__cypress/runner/cypress_runner.js:162140:16)\n    at Async../node_modules/bluebird/js/release/async.js.Async._drainQueues (http://localhost:33929/__cypress/runner/cypress_runner.js:162150:10)\n    at Async.drainQueues (http://localhost:33929/__cypress/runner/cypress_runner.js:162024:14)",
                "diff": null
              },
              "uuid": "cc570f24-0d48-4b14-9c6d-d165eb3cd76f",
              "parentUUID": "38842729-ed3a-4d9e-b225-0e158f784f08",
              "isHook": false,
              "skipped": false
            },
            {
              "title": "Verifica se o botão contém o texto 'VQV'",
              "fullTitle": "10 - Faça o quadro de pixels ter seu tamanho definido pelo usuário. Verifica se o botão contém o texto 'VQV'",
              "timedOut": null,
              "duration": 4345,
              "state": "failed",
              "speed": null,
              "pass": false,
              "fail": true,
              "pending": false,
              "context": null,
              "code": "cy.get('#generate-board').contains(/vqv/i);",
              "err": {
                "message": "CypressError: Timed out retrying: Expected to find element: '#generate-board', but never found it.",
                "estack": "CypressError: Timed out retrying: Expected to find element: '#generate-board', but never found it.\n    at cypressErr (http://localhost:33929/__cypress/runner/cypress_runner.js:149934:9)\n    at throwErr (http://localhost:33929/__cypress/runner/cypress_runner.js:149867:11)\n    at Object.throwErrByPath (http://localhost:33929/__cypress/runner/cypress_runner.js:149915:3)\n    at retry (http://localhost:33929/__cypress/runner/cypress_runner.js:144197:19)\n    at onFailFn (http://localhost:33929/__cypress/runner/cypress_runner.js:132448:16)\n    at tryCatcher (http://localhost:33929/__cypress/runner/cypress_runner.js:167415:23)\n    at Promise._settlePromiseFromHandler (http://localhost:33929/__cypress/runner/cypress_runner.js:165351:31)\n    at Promise._settlePromise (http://localhost:33929/__cypress/runner/cypress_runner.js:165408:18)\n    at Promise._settlePromise0 (http://localhost:33929/__cypress/runner/cypress_runner.js:165453:10)\n    at Promise._settlePromises (http://localhost:33929/__cypress/runner/cypress_runner.js:165528:18)\n    at Async../node_modules/bluebird/js/release/async.js.Async._drainQueue (http://localhost:33929/__cypress/runner/cypress_runner.js:162140:16)\n    at Async../node_modules/bluebird/js/release/async.js.Async._drainQueues (http://localhost:33929/__cypress/runner/cypress_runner.js:162150:10)\n    at Async.drainQueues (http://localhost:33929/__cypress/runner/cypress_runner.js:162024:14)",
                "diff": null
              },
              "uuid": "faa3a49a-34da-49e2-bfcb-5a056c06f352",
              "parentUUID": "38842729-ed3a-4d9e-b225-0e158f784f08",
              "isHook": false,
              "skipped": false
            },
            {
              "title": "Verifica se o input está posicionado entre a paleta de cores e o quadro de pixels",
              "fullTitle": "10 - Faça o quadro de pixels ter seu tamanho definido pelo usuário. Verifica se o input está posicionado entre a paleta de cores e o quadro de pixels",
              "timedOut": null,
              "duration": 4288,
              "state": "failed",
              "speed": null,
              "pass": false,
              "fail": true,
              "pending": false,
              "context": null,
              "code": "cy.get('#color-palette').then(function (palette) {\n  cy.get('#board-size').should('be.belowOf', palette);\n});\ncy.get('#board-size').then(function (palette) {\n  cy.get('#pixel-board').should('be.belowOf', palette);\n});",
              "err": {
                "message": "CypressError: Timed out retrying: Expected to find element: '#board-size', but never found it.",
                "estack": "CypressError: Timed out retrying: Expected to find element: '#board-size', but never found it.\n    at cypressErr (http://localhost:33929/__cypress/runner/cypress_runner.js:149934:9)\n    at throwErr (http://localhost:33929/__cypress/runner/cypress_runner.js:149867:11)\n    at Object.throwErrByPath (http://localhost:33929/__cypress/runner/cypress_runner.js:149915:3)\n    at retry (http://localhost:33929/__cypress/runner/cypress_runner.js:144197:19)\n    at onFailFn (http://localhost:33929/__cypress/runner/cypress_runner.js:132448:16)\n    at tryCatcher (http://localhost:33929/__cypress/runner/cypress_runner.js:167415:23)\n    at Promise._settlePromiseFromHandler (http://localhost:33929/__cypress/runner/cypress_runner.js:165351:31)\n    at Promise._settlePromise (http://localhost:33929/__cypress/runner/cypress_runner.js:165408:18)\n    at Promise._settlePromise0 (http://localhost:33929/__cypress/runner/cypress_runner.js:165453:10)\n    at Promise._settlePromises (http://localhost:33929/__cypress/runner/cypress_runner.js:165528:18)\n    at Async../node_modules/bluebird/js/release/async.js.Async._drainQueue (http://localhost:33929/__cypress/runner/cypress_runner.js:162140:16)\n    at Async../node_modules/bluebird/js/release/async.js.Async._drainQueues (http://localhost:33929/__cypress/runner/cypress_runner.js:162150:10)\n    at Async.drainQueues (http://localhost:33929/__cypress/runner/cypress_runner.js:162024:14)",
                "diff": null
              },
              "uuid": "53aa7e50-528e-4120-a35a-4cc7b5153032",
              "parentUUID": "38842729-ed3a-4d9e-b225-0e158f784f08",
              "isHook": false,
              "skipped": false
            },
            {
              "title": "Verifica se o botão está posicionado ao lado do input",
              "fullTitle": "10 - Faça o quadro de pixels ter seu tamanho definido pelo usuário. Verifica se o botão está posicionado ao lado do input",
              "timedOut": null,
              "duration": 4196,
              "state": "failed",
              "speed": null,
              "pass": false,
              "fail": true,
              "pending": false,
              "context": null,
              "code": "cy.get('#board-size').then(function (board) {\n  cy.get('#generate-board').should('be.onTheRightOf', board);\n});",
              "err": {
                "message": "CypressError: Timed out retrying: Expected to find element: '#board-size', but never found it.",
                "estack": "CypressError: Timed out retrying: Expected to find element: '#board-size', but never found it.\n    at cypressErr (http://localhost:33929/__cypress/runner/cypress_runner.js:149934:9)\n    at throwErr (http://localhost:33929/__cypress/runner/cypress_runner.js:149867:11)\n    at Object.throwErrByPath (http://localhost:33929/__cypress/runner/cypress_runner.js:149915:3)\n    at retry (http://localhost:33929/__cypress/runner/cypress_runner.js:144197:19)\n    at onFailFn (http://localhost:33929/__cypress/runner/cypress_runner.js:132448:16)\n    at tryCatcher (http://localhost:33929/__cypress/runner/cypress_runner.js:167415:23)\n    at Promise._settlePromiseFromHandler (http://localhost:33929/__cypress/runner/cypress_runner.js:165351:31)\n    at Promise._settlePromise (http://localhost:33929/__cypress/runner/cypress_runner.js:165408:18)\n    at Promise._settlePromise0 (http://localhost:33929/__cypress/runner/cypress_runner.js:165453:10)\n    at Promise._settlePromises (http://localhost:33929/__cypress/runner/cypress_runner.js:165528:18)\n    at Async../node_modules/bluebird/js/release/async.js.Async._drainQueue (http://localhost:33929/__cypress/runner/cypress_runner.js:162140:16)\n    at Async../node_modules/bluebird/js/release/async.js.Async._drainQueues (http://localhost:33929/__cypress/runner/cypress_runner.js:162150:10)\n    at Async.drainQueues (http://localhost:33929/__cypress/runner/cypress_runner.js:162024:14)",
                "diff": null
              },
              "uuid": "c71882a3-1b4d-4cb8-b74e-7cb71a48129c",
              "parentUUID": "38842729-ed3a-4d9e-b225-0e158f784f08",
              "isHook": false,
              "skipped": false
            },
            {
              "title": "Verifica se nenhum valor for colocado no input ao clicar no botão, um `alert` é exibido com o texto: 'Board inválido!'",
              "fullTitle": "10 - Faça o quadro de pixels ter seu tamanho definido pelo usuário. Verifica se nenhum valor for colocado no input ao clicar no botão, um `alert` é exibido com o texto: 'Board inválido!'",
              "timedOut": null,
              "duration": 4296,
              "state": "failed",
              "speed": null,
              "pass": false,
              "fail": true,
              "pending": false,
              "context": null,
              "code": "var alerted = false;\ncy.on('window:alert', function (msg) {\n  return alerted = msg;\n});\ncy.get('#generate-board').click().then(function () {\n  return expect(alerted).to.match(/Board inválido!/i);\n});",
              "err": {
                "message": "CypressError: Timed out retrying: Expected to find element: '#generate-board', but never found it.",
                "estack": "CypressError: Timed out retrying: Expected to find element: '#generate-board', but never found it.\n    at cypressErr (http://localhost:33929/__cypress/runner/cypress_runner.js:149934:9)\n    at throwErr (http://localhost:33929/__cypress/runner/cypress_runner.js:149867:11)\n    at Object.throwErrByPath (http://localhost:33929/__cypress/runner/cypress_runner.js:149915:3)\n    at retry (http://localhost:33929/__cypress/runner/cypress_runner.js:144197:19)\n    at onFailFn (http://localhost:33929/__cypress/runner/cypress_runner.js:132448:16)\n    at tryCatcher (http://localhost:33929/__cypress/runner/cypress_runner.js:167415:23)\n    at Promise._settlePromiseFromHandler (http://localhost:33929/__cypress/runner/cypress_runner.js:165351:31)\n    at Promise._settlePromise (http://localhost:33929/__cypress/runner/cypress_runner.js:165408:18)\n    at Promise._settlePromise0 (http://localhost:33929/__cypress/runner/cypress_runner.js:165453:10)\n    at Promise._settlePromises (http://localhost:33929/__cypress/runner/cypress_runner.js:165528:18)\n    at Async../node_modules/bluebird/js/release/async.js.Async._drainQueue (http://localhost:33929/__cypress/runner/cypress_runner.js:162140:16)\n    at Async../node_modules/bluebird/js/release/async.js.Async._drainQueues (http://localhost:33929/__cypress/runner/cypress_runner.js:162150:10)\n    at Async.drainQueues (http://localhost:33929/__cypress/runner/cypress_runner.js:162024:14)",
                "diff": null
              },
              "uuid": "90c792a2-fbf2-4c1a-af6c-19f7294b412a",
              "parentUUID": "38842729-ed3a-4d9e-b225-0e158f784f08",
              "isHook": false,
              "skipped": false
            },
            {
              "title": "Verifica se ao clicar no botão com um valor preenchido, o tamanho do board muda.",
              "fullTitle": "10 - Faça o quadro de pixels ter seu tamanho definido pelo usuário. Verifica se ao clicar no botão com um valor preenchido, o tamanho do board muda.",
              "timedOut": null,
              "duration": 4225,
              "state": "failed",
              "speed": null,
              "pass": false,
              "fail": true,
              "pending": false,
              "context": null,
              "code": "cy.get('#board-size').clear().type(10);\ncy.get('#generate-board').click();\ncy.get('.pixel').should('have.length', 100);",
              "err": {
                "message": "CypressError: Timed out retrying: Expected to find element: '#board-size', but never found it.",
                "estack": "CypressError: Timed out retrying: Expected to find element: '#board-size', but never found it.\n    at cypressErr (http://localhost:33929/__cypress/runner/cypress_runner.js:149934:9)\n    at throwErr (http://localhost:33929/__cypress/runner/cypress_runner.js:149867:11)\n    at Object.throwErrByPath (http://localhost:33929/__cypress/runner/cypress_runner.js:149915:3)\n    at retry (http://localhost:33929/__cypress/runner/cypress_runner.js:144197:19)\n    at onFailFn (http://localhost:33929/__cypress/runner/cypress_runner.js:132448:16)\n    at tryCatcher (http://localhost:33929/__cypress/runner/cypress_runner.js:167415:23)\n    at Promise._settlePromiseFromHandler (http://localhost:33929/__cypress/runner/cypress_runner.js:165351:31)\n    at Promise._settlePromise (http://localhost:33929/__cypress/runner/cypress_runner.js:165408:18)\n    at Promise._settlePromise0 (http://localhost:33929/__cypress/runner/cypress_runner.js:165453:10)\n    at Promise._settlePromises (http://localhost:33929/__cypress/runner/cypress_runner.js:165528:18)\n    at Async../node_modules/bluebird/js/release/async.js.Async._drainQueue (http://localhost:33929/__cypress/runner/cypress_runner.js:162140:16)\n    at Async../node_modules/bluebird/js/release/async.js.Async._drainQueues (http://localhost:33929/__cypress/runner/cypress_runner.js:162150:10)\n    at Async.drainQueues (http://localhost:33929/__cypress/runner/cypress_runner.js:162024:14)",
                "diff": null
              },
              "uuid": "a441e81f-b8d7-410c-b3d8-f45a962b5d5f",
              "parentUUID": "38842729-ed3a-4d9e-b225-0e158f784f08",
              "isHook": false,
              "skipped": false
            },
            {
              "title": "Verifica se o novo quadro tem todos os pixels preenchidos com a cor branca",
              "fullTitle": "10 - Faça o quadro de pixels ter seu tamanho definido pelo usuário. Verifica se o novo quadro tem todos os pixels preenchidos com a cor branca",
              "timedOut": null,
              "duration": 4241,
              "state": "failed",
              "speed": null,
              "pass": false,
              "fail": true,
              "pending": false,
              "context": null,
              "code": "cy.get('#board-size').clear().type(6);\ncy.get('#generate-board').click();\ncy.get('.pixel').should('have.length', 36).each(function (pixel) {\n  expect(pixel).to.have.css('background-color', WHITE);\n});",
              "err": {
                "message": "CypressError: Timed out retrying: Expected to find element: '#board-size', but never found it.",
                "estack": "CypressError: Timed out retrying: Expected to find element: '#board-size', but never found it.\n    at cypressErr (http://localhost:33929/__cypress/runner/cypress_runner.js:149934:9)\n    at throwErr (http://localhost:33929/__cypress/runner/cypress_runner.js:149867:11)\n    at Object.throwErrByPath (http://localhost:33929/__cypress/runner/cypress_runner.js:149915:3)\n    at retry (http://localhost:33929/__cypress/runner/cypress_runner.js:144197:19)\n    at onFailFn (http://localhost:33929/__cypress/runner/cypress_runner.js:132448:16)\n    at tryCatcher (http://localhost:33929/__cypress/runner/cypress_runner.js:167415:23)\n    at Promise._settlePromiseFromHandler (http://localhost:33929/__cypress/runner/cypress_runner.js:165351:31)\n    at Promise._settlePromise (http://localhost:33929/__cypress/runner/cypress_runner.js:165408:18)\n    at Promise._settlePromise0 (http://localhost:33929/__cypress/runner/cypress_runner.js:165453:10)\n    at Promise._settlePromises (http://localhost:33929/__cypress/runner/cypress_runner.js:165528:18)\n    at Async../node_modules/bluebird/js/release/async.js.Async._drainQueue (http://localhost:33929/__cypress/runner/cypress_runner.js:162140:16)\n    at Async../node_modules/bluebird/js/release/async.js.Async._drainQueues (http://localhost:33929/__cypress/runner/cypress_runner.js:162150:10)\n    at Async.drainQueues (http://localhost:33929/__cypress/runner/cypress_runner.js:162024:14)",
                "diff": null
              },
              "uuid": "769dc978-8ef6-4111-8969-8d9726a20471",
              "parentUUID": "38842729-ed3a-4d9e-b225-0e158f784f08",
              "isHook": false,
              "skipped": false
            }
          ],
          "suites": [],
          "passes": [],
          "failures": [
            "aab35868-a663-4005-9774-ce9bc1041993",
            "7cd9cd06-c23c-45ba-bf23-2c95b045dbbf",
            "cc570f24-0d48-4b14-9c6d-d165eb3cd76f",
            "faa3a49a-34da-49e2-bfcb-5a056c06f352",
            "53aa7e50-528e-4120-a35a-4cc7b5153032",
            "c71882a3-1b4d-4cb8-b74e-7cb71a48129c",
            "90c792a2-fbf2-4c1a-af6c-19f7294b412a",
            "a441e81f-b8d7-410c-b3d8-f45a962b5d5f",
            "769dc978-8ef6-4111-8969-8d9726a20471"
          ],
          "pending": [],
          "skipped": [],
          "duration": 38355,
          "root": false,
          "rootEmpty": false,
          "_timeout": 2000
        },
        {
          "uuid": "b193927f-1cb7-44b0-9727-c870e295df7c",
          "title": "11 - Limite o tamanho mínimo e máximo do board.",
          "fullFile": "",
          "file": "",
          "beforeHooks": [],
          "afterHooks": [],
          "tests": [
            {
              "title": "Verifica se a altura máxima do board é 50",
              "fullTitle": "11 - Limite o tamanho mínimo e máximo do board. Verifica se a altura máxima do board é 50",
              "timedOut": null,
              "duration": 4230,
              "state": "failed",
              "speed": null,
              "pass": false,
              "fail": true,
              "pending": false,
              "context": null,
              "code": "cy.get('#board-size').clear().type(50);\ncy.get('#generate-board').click();\ncy.get('.pixel').should('have.length', 2500);",
              "err": {
                "message": "CypressError: Timed out retrying: Expected to find element: '#board-size', but never found it.",
                "estack": "CypressError: Timed out retrying: Expected to find element: '#board-size', but never found it.\n    at cypressErr (http://localhost:33929/__cypress/runner/cypress_runner.js:149934:9)\n    at throwErr (http://localhost:33929/__cypress/runner/cypress_runner.js:149867:11)\n    at Object.throwErrByPath (http://localhost:33929/__cypress/runner/cypress_runner.js:149915:3)\n    at retry (http://localhost:33929/__cypress/runner/cypress_runner.js:144197:19)\n    at onFailFn (http://localhost:33929/__cypress/runner/cypress_runner.js:132448:16)\n    at tryCatcher (http://localhost:33929/__cypress/runner/cypress_runner.js:167415:23)\n    at Promise._settlePromiseFromHandler (http://localhost:33929/__cypress/runner/cypress_runner.js:165351:31)\n    at Promise._settlePromise (http://localhost:33929/__cypress/runner/cypress_runner.js:165408:18)\n    at Promise._settlePromise0 (http://localhost:33929/__cypress/runner/cypress_runner.js:165453:10)\n    at Promise._settlePromises (http://localhost:33929/__cypress/runner/cypress_runner.js:165528:18)\n    at Async../node_modules/bluebird/js/release/async.js.Async._drainQueue (http://localhost:33929/__cypress/runner/cypress_runner.js:162140:16)\n    at Async../node_modules/bluebird/js/release/async.js.Async._drainQueues (http://localhost:33929/__cypress/runner/cypress_runner.js:162150:10)\n    at Async.drainQueues (http://localhost:33929/__cypress/runner/cypress_runner.js:162024:14)",
                "diff": null
              },
              "uuid": "f93ca7b3-8fc4-4048-be62-06c4d7a90d79",
              "parentUUID": "b193927f-1cb7-44b0-9727-c870e295df7c",
              "isHook": false,
              "skipped": false
            },
            {
              "title": "Verifica se a altura do board é 5 quando um valor menor é colocado no input",
              "fullTitle": "11 - Limite o tamanho mínimo e máximo do board. Verifica se a altura do board é 5 quando um valor menor é colocado no input",
              "timedOut": null,
              "duration": 4297,
              "state": "failed",
              "speed": null,
              "pass": false,
              "fail": true,
              "pending": false,
              "context": null,
              "code": "cy.get('#board-size').clear().type(4);\ncy.get('#generate-board').click();\ncy.get('.pixel').should('have.length', 25);",
              "err": {
                "message": "CypressError: Timed out retrying: Expected to find element: '#board-size', but never found it.",
                "estack": "CypressError: Timed out retrying: Expected to find element: '#board-size', but never found it.\n    at cypressErr (http://localhost:33929/__cypress/runner/cypress_runner.js:149934:9)\n    at throwErr (http://localhost:33929/__cypress/runner/cypress_runner.js:149867:11)\n    at Object.throwErrByPath (http://localhost:33929/__cypress/runner/cypress_runner.js:149915:3)\n    at retry (http://localhost:33929/__cypress/runner/cypress_runner.js:144197:19)\n    at onFailFn (http://localhost:33929/__cypress/runner/cypress_runner.js:132448:16)\n    at tryCatcher (http://localhost:33929/__cypress/runner/cypress_runner.js:167415:23)\n    at Promise._settlePromiseFromHandler (http://localhost:33929/__cypress/runner/cypress_runner.js:165351:31)\n    at Promise._settlePromise (http://localhost:33929/__cypress/runner/cypress_runner.js:165408:18)\n    at Promise._settlePromise0 (http://localhost:33929/__cypress/runner/cypress_runner.js:165453:10)\n    at Promise._settlePromises (http://localhost:33929/__cypress/runner/cypress_runner.js:165528:18)\n    at Async../node_modules/bluebird/js/release/async.js.Async._drainQueue (http://localhost:33929/__cypress/runner/cypress_runner.js:162140:16)\n    at Async../node_modules/bluebird/js/release/async.js.Async._drainQueues (http://localhost:33929/__cypress/runner/cypress_runner.js:162150:10)\n    at Async.drainQueues (http://localhost:33929/__cypress/runner/cypress_runner.js:162024:14)",
                "diff": null
              },
              "uuid": "0e8f2ba8-5f90-4d28-98f9-a469e4ba757f",
              "parentUUID": "b193927f-1cb7-44b0-9727-c870e295df7c",
              "isHook": false,
              "skipped": false
            },
            {
              "title": "Verifica se a altura do board é 50 quando um valor maior é colocado no input",
              "fullTitle": "11 - Limite o tamanho mínimo e máximo do board. Verifica se a altura do board é 50 quando um valor maior é colocado no input",
              "timedOut": null,
              "duration": 4313,
              "state": "failed",
              "speed": null,
              "pass": false,
              "fail": true,
              "pending": false,
              "context": null,
              "code": "cy.get('#board-size').clear().type(51);\ncy.get('#generate-board').click();\ncy.get('.pixel').should('have.length', 2500);",
              "err": {
                "message": "CypressError: Timed out retrying: Expected to find element: '#board-size', but never found it.",
                "estack": "CypressError: Timed out retrying: Expected to find element: '#board-size', but never found it.\n    at cypressErr (http://localhost:33929/__cypress/runner/cypress_runner.js:149934:9)\n    at throwErr (http://localhost:33929/__cypress/runner/cypress_runner.js:149867:11)\n    at Object.throwErrByPath (http://localhost:33929/__cypress/runner/cypress_runner.js:149915:3)\n    at retry (http://localhost:33929/__cypress/runner/cypress_runner.js:144197:19)\n    at onFailFn (http://localhost:33929/__cypress/runner/cypress_runner.js:132448:16)\n    at tryCatcher (http://localhost:33929/__cypress/runner/cypress_runner.js:167415:23)\n    at Promise._settlePromiseFromHandler (http://localhost:33929/__cypress/runner/cypress_runner.js:165351:31)\n    at Promise._settlePromise (http://localhost:33929/__cypress/runner/cypress_runner.js:165408:18)\n    at Promise._settlePromise0 (http://localhost:33929/__cypress/runner/cypress_runner.js:165453:10)\n    at Promise._settlePromises (http://localhost:33929/__cypress/runner/cypress_runner.js:165528:18)\n    at Async../node_modules/bluebird/js/release/async.js.Async._drainQueue (http://localhost:33929/__cypress/runner/cypress_runner.js:162140:16)\n    at Async../node_modules/bluebird/js/release/async.js.Async._drainQueues (http://localhost:33929/__cypress/runner/cypress_runner.js:162150:10)\n    at Async.drainQueues (http://localhost:33929/__cypress/runner/cypress_runner.js:162024:14)",
                "diff": null
              },
              "uuid": "14c697cc-087e-4af1-8983-9b89e090c877",
              "parentUUID": "b193927f-1cb7-44b0-9727-c870e295df7c",
              "isHook": false,
              "skipped": false
            }
          ],
          "suites": [],
          "passes": [],
          "failures": [
            "f93ca7b3-8fc4-4048-be62-06c4d7a90d79",
            "0e8f2ba8-5f90-4d28-98f9-a469e4ba757f",
            "14c697cc-087e-4af1-8983-9b89e090c877"
          ],
          "pending": [],
          "skipped": [],
          "duration": 12840,
          "root": false,
          "rootEmpty": false,
          "_timeout": 2000
        },
        {
          "uuid": "11fb8695-8c77-486c-9fa2-b1724419e124",
          "title": "12 - Faça com que as cores da paleta sejam geradas aleatoriamente ao carregar a página.",
          "fullFile": "",
          "file": "",
          "beforeHooks": [],
          "afterHooks": [],
          "tests": [
            {
              "title": "Verifica se as cores geradas na paleta são diferentes a cada carregamento da página",
              "fullTitle": "12 - Faça com que as cores da paleta sejam geradas aleatoriamente ao carregar a página. Verifica se as cores geradas na paleta são diferentes a cada carregamento da página",
              "timedOut": null,
              "duration": 493,
              "state": "passed",
              "speed": "slow",
              "pass": true,
              "fail": false,
              "pending": false,
              "context": null,
              "code": "cy.get('.color').then(function (colors) {\n  var currentColors;\n  var previousColors;\n  previousColors = Array.from(colors).map(function (color) {\n    return Cypress.$(color).css('background-color');\n  });\n  for (var i = 0; i < 5; i += 1) {\n    cy.reload();\n    cy.get('.color').then(function (colors) {\n      currentColors = Array.from(colors).map(function (color) {\n        return Cypress.$(color).css('background-color');\n      });\n      expect(currentColors).not.to.deep.equal(previousColors);\n      previousColors = currentColors;\n    });\n  }\n});",
              "err": {},
              "uuid": "ea1cab85-9a2c-43a7-9caa-db330cf72b35",
              "parentUUID": "11fb8695-8c77-486c-9fa2-b1724419e124",
              "isHook": false,
              "skipped": false
            },
            {
              "title": "Verifica se a cor preta ainda está presente e é a primeira na sua paleta de cores",
              "fullTitle": "12 - Faça com que as cores da paleta sejam geradas aleatoriamente ao carregar a página. Verifica se a cor preta ainda está presente e é a primeira na sua paleta de cores",
              "timedOut": null,
              "duration": 502,
              "state": "passed",
              "speed": "slow",
              "pass": true,
              "fail": false,
              "pending": false,
              "context": null,
              "code": "cy.get('.color').then(function (colors) {\n  var currentColors;\n  var previousColors;\n  previousColors = Array.from(colors).map(function (color) {\n    return Cypress.$(color).css('background-color');\n  });\n  expect(previousColors[0]).to.eq(BLACK);\n  for (var i = 0; i < 5; i += 1) {\n    cy.reload();\n    cy.get('.color').then(function (colors) {\n      currentColors = Array.from(colors).map(function (color) {\n        return Cypress.$(color).css('background-color');\n      });\n      expect(currentColors[0]).to.eq(BLACK);\n      expect(currentColors).not.to.deep.equal(previousColors);\n      previousColors = currentColors;\n    });\n  }\n});",
              "err": {},
              "uuid": "ee8cda35-70cd-4e2a-a218-ac709304b86a",
              "parentUUID": "11fb8695-8c77-486c-9fa2-b1724419e124",
              "isHook": false,
              "skipped": false
            }
          ],
          "suites": [],
          "passes": [
            "ea1cab85-9a2c-43a7-9caa-db330cf72b35",
            "ee8cda35-70cd-4e2a-a218-ac709304b86a"
          ],
          "failures": [],
          "pending": [],
          "skipped": [],
          "duration": 995,
          "root": false,
          "rootEmpty": false,
          "_timeout": 2000
        }
      ],
      "passes": [],
      "failures": [],
      "pending": [],
      "skipped": [],
      "duration": 0,
      "root": true,
      "rootEmpty": true,
      "_timeout": 2000
    }
  ],
  "meta": {
    "mocha": {
      "version": "7.0.1"
    },
    "mochawesome": {
      "options": {
        "quiet": false,
        "reportFilename": "mochawesome",
        "saveHtml": false,
        "saveJson": true,
        "consoleReporter": "spec",
        "useInlineDiffs": false
      },
      "version": "4.1.0"
    },
    "marge": {
      "options": {
        "id": "default",
        "reportDir": "cypress/reports",
        "overwrite": true,
        "html": false,
        "json": true
      },
      "version": "4.1.0"
    }
  }
}